[INFO] Scanning for projects...
[INFO] ------------------------------------------------------------------------
[INFO] Reactor Build Order:
[INFO] 
[INFO] examples
[INFO] helloworld Maven Webapp
[INFO] mcHelloWorld
[INFO] wbFileAgent Maven Webapp
[INFO] petstore Maven Webapp
[INFO] jmsDemo Maven Webapp
[INFO] springIntegration Maven Webapp
[INFO] ejbIntegration Maven Webapp
[INFO] todos
[INFO] todoService
[INFO] todoViewService
[INFO] todosUI Maven Webapp
[INFO] activeMQ
[INFO] troubleTicketDemo
[INFO] troubleTicketAPI
[INFO] troubleTicketService
[INFO] ttactiveMQ
[INFO] hubService
[INFO] cspService
[INFO] carManufacturerService
[INFO]                                                                         
[INFO] ------------------------------------------------------------------------
[INFO] Building examples 1.2.1-SNAPSHOT
[INFO] ------------------------------------------------------------------------
[INFO] 
[INFO] --- maven-install-plugin:2.4:install (default-install) @ examples ---
[INFO] Installing D:\Workspace\simplity\examples\pom.xml to D:\Repo\.m2\org\simplity\examples\examples\1.2.1-SNAPSHOT\examples-1.2.1-SNAPSHOT.pom
[INFO]                                                                         
[INFO] ------------------------------------------------------------------------
[INFO] Building helloworld Maven Webapp 1.2.1-SNAPSHOT
[INFO] ------------------------------------------------------------------------
[INFO] 
[INFO] --- properties-maven-plugin:1.0-alpha-2:read-project-properties (default) @ helloworld ---
[INFO] 
[INFO] --- sql-maven-plugin:1.5:execute (create-db) @ helloworld ---
[INFO] Executing file: C:\Users\chetana_shanbhag\AppData\Local\Temp\schema.1579473867sql
[INFO] 102 of 102 SQL statements executed successfully
[INFO] 
[INFO] --- maven-resources-plugin:2.6:resources (default-resources) @ helloworld ---
[WARNING] File encoding has not been set, using platform encoding Cp1252, i.e. build is platform dependent!
[WARNING] Using platform encoding (Cp1252 actually) to copy filtered resources, i.e. build is platform dependent!
[INFO] Copying 55 resources
[INFO] 
[INFO] --- maven-compiler-plugin:3.1:compile (default-compile) @ helloworld ---
[INFO] Changes detected - recompiling the module!
[WARNING] File encoding has not been set, using platform encoding Cp1252, i.e. build is platform dependent!
[INFO] Compiling 5 source files to D:\Workspace\simplity\examples\helloworld\target\classes
[INFO] 
[INFO] --- maven-resources-plugin:2.6:testResources (default-testResources) @ helloworld ---
[WARNING] File encoding has not been set, using platform encoding Cp1252, i.e. build is platform dependent!
[WARNING] Using platform encoding (Cp1252 actually) to copy filtered resources, i.e. build is platform dependent!
[INFO] Copying 55 resources
[INFO] 
[INFO] --- maven-compiler-plugin:3.1:testCompile (default-testCompile) @ helloworld ---
[INFO] Changes detected - recompiling the module!
[WARNING] File encoding has not been set, using platform encoding Cp1252, i.e. build is platform dependent!
[INFO] Compiling 1 source file to D:\Workspace\simplity\examples\helloworld\target\test-classes
[INFO] 
[INFO] --- maven-surefire-plugin:2.12.4:test (default-test) @ helloworld ---
[INFO] Surefire report directory: D:\Workspace\simplity\examples\helloworld\target\surefire-reports

-------------------------------------------------------
 T E S T S
-------------------------------------------------------
Running org.simplity.examples.HelloWorldTest

Bootstrapping with /D:/Workspace/simplity/examples/helloworld/target/test-classes/comp

component folder set to /D:/Workspace/simplity/examples/helloworld/target/test-classes/comp/

0 java class names loaded as services.

Going to load components from /D:/Workspace/simplity/examples/helloworld/target/test-classes/comp/dt/custom.xml

Going to load components from /D:/Workspace/simplity/examples/helloworld/target/test-classes/comp/dt/kernel.xml

24 DataType loaded.

Going to load components from /D:/Workspace/simplity/examples/helloworld/target/test-classes/comp/msg/custom.xml

Going to load components from /D:/Workspace/simplity/examples/helloworld/target/test-classes/comp/msg/kernel.xml

25 Message loaded.

Going to load components from /D:/Workspace/simplity/examples/helloworld/target/test-classes/comp/fn/modifydata.xml

1 Function loaded.

components pre-loaded

dbVendor is set to H2

Driver class name org.h2.Driver invoked successfully

Database connection for H2 established successfully using a valid connection string. Default schema is PUBLIC

Checking connection string for additional schemas

Additional connection string validated for schema TESTSCHEMA

Logging framework is set to LOG4J_CLASSIC. Will try to locate the right class and connect to it.
log4j: reset attribute= "false".
log4j: Threshold ="null".
log4j: Level value for root is  [DEBUG].
log4j: root level set to DEBUG
log4j: Class name: [org.apache.log4j.ConsoleAppender]
log4j: Parsing layout of class: "org.apache.log4j.PatternLayout"
log4j: Setting property [conversionPattern] to [%d{yyyy-MM-dd HH:mm:ss} %-5p %c{1}:%L - %m%n].
log4j: Adding appender named [console] to category [root].
2017-06-19 10:06:15 INFO  service:231 - 
Service logs successfully diverted to the logging framework LOG4J_CLASSIC
2017-06-19 10:06:15 INFO  service:231 - 
Trying to generate service fileactions.fileProcessing on-the-fly
2017-06-19 10:06:15 INFO  service:231 - 
Scheduler started for Batch batch
2017-06-19 10:06:15 INFO  service:231 - 
Job status set to  RUNNING
2017-06-19 10:06:15 INFO  service:231 - 
We received input data, but this service is designed not to make use of input.
2017-06-19 10:06:15 INFO  service:231 - 
Web Agent is given a green signal by Startup to start serving.
2017-06-19 10:06:15 INFO  service:231 - 
Trying to generate service login on-the-fly
2017-06-19 10:06:15 INFO  service:231 - 
Values at log action _a0
2017-06-19 10:06:15 INFO  service:231 - 
_userId = 100
2017-06-19 10:06:15 INFO  service:231 - 
_userToken = abrakadabra
2017-06-19 10:06:15 INFO  service:231 - 
_isAutoLogin = 1
2017-06-19 10:06:15 INFO  service:231 - 
Action _a0 finished with result=1 in 2 ms
2017-06-19 10:06:15 INFO  service:231 - 
Action _a1 finished with result=null in 1 ms
2017-06-19 10:06:15 INFO  service:231 - 
Action auto finished with result=1 in 0 ms
2017-06-19 10:06:15 INFO  service:231 - 
Condition ~isAutoLogin and hence skipping this action.
2017-06-19 10:06:15 INFO  service:231 - 
Action authenticate finished with result=null in 1 ms
2017-06-19 10:06:15 INFO  service:231 - 
Values at log action _a4
2017-06-19 10:06:15 INFO  service:231 - 
_userId = 100
2017-06-19 10:06:15 INFO  service:231 - 
_userToken = abrakadabra
2017-06-19 10:06:15 INFO  service:231 - 
_isAutoLogin = 1
2017-06-19 10:06:15 INFO  service:231 - 
Action _a4 finished with result=1 in 1 ms
2017-06-19 10:06:15 INFO  service:231 - 
Trying to generate service login on-the-fly
2017-06-19 10:06:15 INFO  service:231 - 
Going to load components from /D:/Workspace/simplity/examples/helloworld/target/test-classes/comp/msg/custom.xml for validation
2017-06-19 10:06:15 INFO  service:231 - 
Going to load components from /D:/Workspace/simplity/examples/helloworld/target/test-classes/comp/msg/kernel.xml for validation
2017-06-19 10:06:15 INFO  service:231 - 
Going to load components from /D:/Workspace/simplity/examples/helloworld/target/test-classes/comp/dt/custom.xml for validation
2017-06-19 10:06:15 INFO  service:231 - 
Going to load components from /D:/Workspace/simplity/examples/helloworld/target/test-classes/comp/dt/kernel.xml for validation
2017-06-19 10:06:15 INFO  service:231 - 
Action _a0 finished with result=D:\\Workspace\\simplity\\examples\\helloworld/infile in 0 ms
2017-06-19 10:06:15 INFO  service:231 - 
Action _a1 finished with result=txt01.txt in 0 ms
2017-06-19 10:06:15 INFO  service:231 - 
Action _a2 finished with result=D:\\Workspace\\simplity\\examples\\helloworld/target in 0 ms
2017-06-19 10:06:15 INFO  service:231 - 
Going to process files in folder D:\\Workspace\\simplity\\examples\\helloworld/infile/
2017-06-19 10:06:15 INFO  service:231 - 
Trying to generate service fileactions.insertRows on-the-fly
2017-06-19 10:06:15 INFO  service:231 - 
service fileactions.insertRows started as sub service.
2017-06-19 10:06:15 INFO  service:231 - 
Values at log action allOK
2017-06-19 10:06:15 INFO  service:231 - 
_lineNum = 1
2017-06-19 10:06:15 INFO  service:231 - 
_rowText = 01 jack abcd
2017-06-19 10:06:15 INFO  service:231 - 
id = 1
2017-06-19 10:06:15 INFO  service:231 - 
name = jack
2017-06-19 10:06:15 INFO  service:231 - 
address = abcd
2017-06-19 10:06:15 INFO  service:231 - 
Action allOK finished with result=1 in 2 ms
2017-06-19 10:06:15 INFO  service:231 - 
1 rows affected.
2017-06-19 10:06:15 INFO  service:231 - 
Action saveAction finished with result=1 in 4 ms
2017-06-19 10:06:15 INFO  service:231 - 
Going to close a connection of type READ_WRITE with allOK = true
2017-06-19 10:06:15 INFO  service:231 - 
service fileactions.insertRows returned control back.
2017-06-19 10:06:15 INFO  service:231 - 
Trying to generate service fileactions.processErrorRow on-the-fly
2017-06-19 10:06:15 INFO  service:231 - 
service fileactions.processErrorRow started as sub service.
2017-06-19 10:06:15 INFO  service:231 - 
Action _a0 finished with result=hello from processrows in 0 ms
Hello
Error reported;Error while processing a row from batch driver input. Validation errors found in input file
null
2017-06-19 10:06:15 INFO  service:231 - 
Action _a1 finished with result=null in 1 ms
2017-06-19 10:06:15 INFO  service:231 - 
service fileactions.processErrorRow returned control back.
2017-06-19 10:06:15 INFO  service:231 - 
Trying to generate service fileactions.processErrorRow on-the-fly
2017-06-19 10:06:15 INFO  service:231 - 
Going to close a connection of type READ_ONLY with allOK = true
2017-06-19 10:06:15 INFO  service:231 - 
service fileactions.processErrorRow started as sub service.
2017-06-19 10:06:15 INFO  service:231 - 
Action _a0 finished with result=hello from processrows in 0 ms
Hello
Error reported;Error while processing a row from batch driver input. Validation errors found in input file
null
This value is invalid
id
2017-06-19 10:06:15 INFO  service:231 - 
Action _a1 finished with result=null in 0 ms
2017-06-19 10:06:15 INFO  service:231 - 
service fileactions.processErrorRow returned control back.
2017-06-19 10:06:15 INFO  service:231 - 
Trying to generate service fileactions.insertRows on-the-fly
2017-06-19 10:06:15 INFO  service:231 - 
Going to close a connection of type READ_ONLY with allOK = true
2017-06-19 10:06:15 INFO  service:231 - 
Going to close a connection of type READ_ONLY with allOK = true
2017-06-19 10:06:15 INFO  service:231 - 
service fileactions.insertRows started as sub service.
2017-06-19 10:06:15 INFO  service:231 - 
Values at log action allOK
2017-06-19 10:06:15 INFO  service:231 - 
_lineNum = 3
2017-06-19 10:06:15 INFO  service:231 - 
_rowText = 03 john rest
2017-06-19 10:06:15 INFO  service:231 - 
id = 3
2017-06-19 10:06:15 INFO  service:231 - 
name = john
2017-06-19 10:06:15 INFO  service:231 - 
address = rest
2017-06-19 10:06:15 INFO  service:231 - 
Action allOK finished with result=1 in 2 ms
2017-06-19 10:06:15 INFO  service:231 - 
1 rows affected.
2017-06-19 10:06:15 INFO  service:231 - 
Action saveAction finished with result=1 in 2 ms
2017-06-19 10:06:15 INFO  service:231 - 
Going to close a connection of type READ_WRITE with allOK = true
2017-06-19 10:06:15 INFO  service:231 - 
service fileactions.insertRows returned control back.
2017-06-19 10:06:15 INFO  service:231 - 
Ignoring a row in child file txt01associate.txt with key  as there is no parent row for this.
2017-06-19 10:06:15 INFO  service:231 - 
Action _a3 finished with result=0 in 100 ms
2017-06-19 10:06:15 INFO  service:231 - 
Going to close a connection of type READ_ONLY with allOK = true
2017-06-19 10:06:15 INFO  service:231 - 
Service fileProcessing is designed to send no response.
2017-06-19 10:06:15 INFO  service:231 - 
Service fileactions.fileProcessing is done..
2017-06-19 10:06:15 INFO  service:231 - 
Reset to  DONE
2017-06-19 10:06:15 INFO  service:231 - 
Going to close a connection of type READ_ONLY with allOK = true
2017-06-19 10:06:15 INFO  service:231 - 
Going to close a connection of type READ_ONLY with allOK = true
2017-06-19 10:06:15 INFO  service:231 - 
Going to close a connection of type READ_ONLY with allOK = true
2017-06-19 10:06:16 INFO  service:231 - 
Going to close a connection of type READ_ONLY with allOK = true
2017-06-19 10:06:16 INFO  service:231 - 
Trying to generate service batch.prepare on-the-fly
2017-06-19 10:06:16 INFO  service:231 - 
Trying to generate service batch.checkForWork on-the-fly
2017-06-19 10:06:16 INFO  service:231 - 
Trying to generate service batch.unitWork on-the-fly
2017-06-19 10:06:16 INFO  service:231 - 
Trying to generate service batch.wrapup on-the-fly
2017-06-19 10:06:16 INFO  service:231 - 
Trying to generate service dbactions.callSqlqueryCust on-the-fly
2017-06-19 10:06:16 INFO  service:231 - 
Trying to generate service dbactions.callSqlqueryTestSchema on-the-fly
2017-06-19 10:06:16 INFO  service:231 - 
Input Json : {}
2017-06-19 10:06:16 INFO  service:231 - 
Trying to generate service helloworld on-the-fly
2017-06-19 10:06:16 INFO  service:231 - 
Invoking service helloworld
2017-06-19 10:06:16 INFO  service:231 - 
We received input data, but this service is designed not to make use of input.
2017-06-19 10:06:16 INFO  service:231 - 
Action _a0 finished with result=Hello World! in 0 ms
2017-06-19 10:06:16 INFO  service:231 - 
helloworld responded with all OK signal
2017-06-19 10:06:16 INFO  service:231 - 
Output JSON : {"hello":"Hello World!","_messages":[]}
2017-06-19 10:06:16 INFO  service:231 - 
Input Json : {}
2017-06-19 10:06:16 INFO  service:231 - 
Trying to generate service dbactions.callFilterRec on-the-fly
2017-06-19 10:06:16 INFO  service:231 - 
Invoking service dbactions.callFilterRec
2017-06-19 10:06:16 INFO  service:231 - 
We received input data, but this service is designed not to make use of input.
2017-06-19 10:06:16 INFO  service:231 - 
11 rows extracted.
2017-06-19 10:06:16 INFO  service:231 - 
23 rows extracted.
2017-06-19 10:06:16 INFO  service:231 - 
Action _a0 finished with result=11 in 37 ms
2017-06-19 10:06:16 INFO  service:231 - 
Action _a1 finished with result=1 in 2 ms
2017-06-19 10:06:16 INFO  service:231 - 
Values at log action _a2
2017-06-19 10:06:16 INFO  service:231 - 
agentCode	agentName	workingArea	commission	phoneNo	country	mixedCol	
A003	Alex	London	0.13	075-12458969		A003Alex	
A008	Alford	New York	0.12	044-25874365		A008Alford	
A011	Ravi Kumar	Bangalore	0.15	077-45625874		A011Ravi Kumar	
A010	Santakumar	Chennai	0.14	007-22388644		A010Santakumar	
A012	Lucida	San Jose	0.12	044-52981425		A012Lucida	
A005	Anderson	Brisban	0.13	045-21447739		A005Anderson	
A001	Subbarao	Bangalore	0.14	077-12346674		A001Subbarao	
A002	Mukesh	Mumbai	0.11	029-12358964		A002Mukesh	
A006	McDen	London	0.15	078-22255588		A006McDen	
A004	Ivan	Torento	0.15	008-22544166		A004Ivan	
A009	Benjamin	Hampshair	0.11	008-22536178		A009Benjamin	
2017-06-19 10:06:16 INFO  service:231 - 
Action _a2 finished with result=1 in 2 ms
2017-06-19 10:06:16 INFO  service:231 - 
Going to close a connection of type READ_ONLY with allOK = true
2017-06-19 10:06:16 INFO  service:231 - 
dbactions.callFilterRec responded with all OK signal
2017-06-19 10:06:16 INFO  service:231 - 
Output JSON : {"agents":[{"agentCode":"A003","agentName":"Alex","workingArea":"London","commission":0.13,"phoneNo":"075-12458969","country":"","mixedCol":"A003Alex"},{"agentCode":"A008","agentName":"Alford","workingArea":"New York","commission":0.12,"phoneNo":"044-25874365","country":"","mixedCol":"A008Alford"},{"agentCode":"A011","agentName":"Ravi Kumar","workingArea":"Bangalore","commission":0.15,"phoneNo":"077-45625874","country":"","mixedCol":"A011Ravi Kumar"},{"agentCode":"A010","agentName":"Santakumar","workingArea":"Chennai","commission":0.14,"phoneNo":"007-22388644","country":"","mixedCol":"A010Santakumar"},{"agentCode":"A012","agentName":"Lucida","workingArea":"San Jose","commission":0.12,"phoneNo":"044-52981425","country":"","mixedCol":"A012Lucida"},{"agentCode":"A005","agentName":"Anderson","workingArea":"Brisban","commission":0.13,"phoneNo":"045-21447739","country":"","mixedCol":"A005Anderson"},{"agentCode":"A001","agentName":"Subbarao","workingArea":"Bangalore","commission":0.14,"phoneNo":"077-12346674","country":"","mixedCol":"A001Subbarao"},{"agentCode":"A002","agentName":"Mukesh","workingArea":"Mumbai","commission":0.11,"phoneNo":"029-12358964","country":"","mixedCol":"A002Mukesh"},{"agentCode":"A006","agentName":"McDen","workingArea":"London","commission":0.15,"phoneNo":"078-22255588","country":"","mixedCol":"A006McDen"},{"agentCode":"A004","agentName":"Ivan","workingArea":"Torento","commission":0.15,"phoneNo":"008-22544166","country":"","mixedCol":"A004Ivan"},{"agentCode":"A009","agentName":"Benjamin","workingArea":"Hampshair","commission":0.11,"phoneNo":"008-22536178","country":"","mixedCol":"A009Benjamin"}],"_messages":[]}
2017-06-19 10:06:16 INFO  service:231 - 
Input Json : {"custCode":"C00013"}
2017-06-19 10:06:16 INFO  service:231 - 
Trying to generate service dbactions.callSqlqueryCust on-the-fly
2017-06-19 10:06:16 INFO  service:231 - 
Invoking service dbactions.callSqlqueryCust
2017-06-19 10:06:16 INFO  service:231 - 
1 fields extracted for input
2017-06-19 10:06:16 INFO  service:231 - 
1 rows extracted.
2017-06-19 10:06:16 INFO  service:231 - 
Action _a0 finished with result=1 in 6 ms
2017-06-19 10:06:16 INFO  service:231 - 
Values at log action _a1
2017-06-19 10:06:16 INFO  service:231 - 
(Single row sheet)

2017-06-19 10:06:16 INFO  service:231 - 
Header:	custName	agentName
2017-06-19 10:06:16 INFO  service:231 - 
Data  :	Holmes	Alex
2017-06-19 10:06:16 INFO  service:231 - 
Action _a1 finished with result=1 in 9 ms
2017-06-19 10:06:16 INFO  service:231 - 
Going to close a connection of type READ_ONLY with allOK = true
2017-06-19 10:06:16 INFO  service:231 - 
dbactions.callSqlqueryCust responded with all OK signal
2017-06-19 10:06:16 INFO  service:231 - 
Output JSON : {"custRec":[{"custName":"Holmes","agentName":"Alex"}],"_messages":[]}
Tests run: 1, Failures: 0, Errors: 0, Skipped: 0, Time elapsed: 1.991 sec

Results :

Tests run: 1, Failures: 0, Errors: 0, Skipped: 0

[INFO] 
[INFO] --- maven-war-plugin:2.2:war (default-war) @ helloworld ---
[INFO] Packaging webapp
[INFO] Assembling webapp [helloworld] in [D:\Workspace\simplity\examples\helloworld\target\helloworld]
[INFO] Processing war project
[INFO] Copying webapp resources [D:\Workspace\simplity\examples\helloworld\src\main\webapp]
[INFO] Webapp assembled in [698 msecs]
[INFO] Building war: D:\Workspace\simplity\examples\helloworld\target\helloworld.war
[INFO] WEB-INF\web.xml already added, skipping
[INFO] 
[INFO] --- maven-install-plugin:2.4:install (default-install) @ helloworld ---
[INFO] Installing D:\Workspace\simplity\examples\helloworld\target\helloworld.war to D:\Repo\.m2\org\simplity\examples\helloworld\1.2.1-SNAPSHOT\helloworld-1.2.1-SNAPSHOT.war
[INFO] Installing D:\Workspace\simplity\examples\helloworld\pom.xml to D:\Repo\.m2\org\simplity\examples\helloworld\1.2.1-SNAPSHOT\helloworld-1.2.1-SNAPSHOT.pom
[INFO]                                                                         
[INFO] ------------------------------------------------------------------------
[INFO] Building mcHelloWorld 1.2.1-SNAPSHOT
[INFO] ------------------------------------------------------------------------
[INFO] 
[INFO] --- maven-resources-plugin:3.0.2:resources (default-resources) @ mcHelloWorld ---
[INFO] Using 'UTF-8' encoding to copy filtered resources.
[INFO] Copying 1 resource
[INFO] 
[INFO] --- maven-compiler-plugin:3.1:compile (default-compile) @ mcHelloWorld ---
[INFO] Changes detected - recompiling the module!
[INFO] Compiling 1 source file to D:\Workspace\simplity\examples\mcHelloWorld\target\classes
[INFO] 
[INFO] --- maven-resources-plugin:3.0.2:testResources (default-testResources) @ mcHelloWorld ---
[INFO] Using 'UTF-8' encoding to copy filtered resources.
[INFO] skip non existing resourceDirectory D:\Workspace\simplity\examples\mcHelloWorld\src\test\resources
[INFO] 
[INFO] --- maven-compiler-plugin:3.1:testCompile (default-testCompile) @ mcHelloWorld ---
[INFO] Changes detected - recompiling the module!
[INFO] Compiling 1 source file to D:\Workspace\simplity\examples\mcHelloWorld\target\test-classes
[INFO] 
[INFO] --- maven-surefire-plugin:2.12.4:test (default-test) @ mcHelloWorld ---
[INFO] Surefire report directory: D:\Workspace\simplity\examples\mcHelloWorld\target\surefire-reports

-------------------------------------------------------
 T E S T S
-------------------------------------------------------
Running org.simplity.examples.AppTest
Tests run: 1, Failures: 0, Errors: 0, Skipped: 0, Time elapsed: 0.015 sec

Results :

Tests run: 1, Failures: 0, Errors: 0, Skipped: 0

[INFO] 
[INFO] --- maven-jar-plugin:2.4:jar (default-jar) @ mcHelloWorld ---
[INFO] Building jar: D:\Workspace\simplity\examples\mcHelloWorld\target\mcHelloWorld-1.2.1-SNAPSHOT.jar
[INFO] 
[INFO] --- maven-shade-plugin:3.0.0:shade (default) @ mcHelloWorld ---
[INFO] Including org.eclipse.jetty:jetty-server:jar:9.4.0.v20161208 in the shaded jar.
[INFO] Including javax.servlet:javax.servlet-api:jar:3.1.0 in the shaded jar.
[INFO] Including org.eclipse.jetty:jetty-http:jar:9.4.0.v20161208 in the shaded jar.
[INFO] Including org.eclipse.jetty:jetty-util:jar:9.4.0.v20161208 in the shaded jar.
[INFO] Including org.eclipse.jetty:jetty-io:jar:9.4.0.v20161208 in the shaded jar.
[INFO] Including org.eclipse.jetty:jetty-servlet:jar:9.4.0.v20161208 in the shaded jar.
[INFO] Including org.eclipse.jetty:jetty-security:jar:9.4.0.v20161208 in the shaded jar.
[INFO] Including org.simplity:kernel:jar:1.2.1-SNAPSHOT in the shaded jar.
[INFO] Including xerces:xercesImpl:jar:2.11.0 in the shaded jar.
[INFO] Including xml-apis:xml-apis:jar:1.4.01 in the shaded jar.
[INFO] Including com.netflix.hystrix:hystrix-core:jar:1.0.2 in the shaded jar.
[INFO] Including com.netflix.servo:servo-core:jar:0.4.20 in the shaded jar.
[INFO] Including com.google.guava:guava:jar:11.0.1 in the shaded jar.
[INFO] Including com.google.code.findbugs:annotations:jar:2.0.0 in the shaded jar.
[INFO] Including org.slf4j:slf4j-api:jar:1.7.0 in the shaded jar.
[INFO] Including com.netflix.archaius:archaius-core:jar:0.4.1 in the shaded jar.
[INFO] Including commons-configuration:commons-configuration:jar:1.8 in the shaded jar.
[INFO] Including commons-lang:commons-lang:jar:2.6 in the shaded jar.
[INFO] Including commons-logging:commons-logging:jar:1.1.1 in the shaded jar.
[INFO] Including com.google.code.findbugs:jsr305:jar:2.0.0 in the shaded jar.
[INFO] Including org.apache.logging.log4j:log4j-api:jar:2.7 in the shaded jar.
[INFO] Including org.apache.logging.log4j:log4j-core:jar:2.7 in the shaded jar.
[WARNING] jsr305-2.0.0.jar, annotations-2.0.0.jar define 34 overlapping classes: 
[WARNING]   - javax.annotation.RegEx
[WARNING]   - javax.annotation.concurrent.Immutable
[WARNING]   - javax.annotation.meta.TypeQualifierDefault
[WARNING]   - javax.annotation.meta.TypeQualifier
[WARNING]   - javax.annotation.Syntax
[WARNING]   - javax.annotation.Nonnull
[WARNING]   - javax.annotation.CheckReturnValue
[WARNING]   - javax.annotation.CheckForNull
[WARNING]   - javax.annotation.meta.TypeQualifierNickname
[WARNING]   - javax.annotation.MatchesPattern
[WARNING]   - 24 more...
[WARNING] maven-shade-plugin has detected that some class files are
[WARNING] present in two or more JARs. When this happens, only one
[WARNING] single version of the class is copied to the uber jar.
[WARNING] Usually this is not harmful and you can skip these warnings,
[WARNING] otherwise try to manually exclude artifacts based on
[WARNING] mvn dependency:tree -Ddetail=true and the above output.
[WARNING] See http://maven.apache.org/plugins/maven-shade-plugin/
[INFO] Replacing original artifact with shaded artifact.
[INFO] Replacing D:\Workspace\simplity\examples\mcHelloWorld\target\mcHelloWorld-1.2.1-SNAPSHOT.jar with D:\Workspace\simplity\examples\mcHelloWorld\target\mcHelloWorld-1.2.1-SNAPSHOT-shaded.jar
[INFO] Dependency-reduced POM written at: D:\Workspace\simplity\examples\mcHelloWorld\dependency-reduced-pom.xml
[INFO] 
[INFO] --- maven-install-plugin:2.4:install (default-install) @ mcHelloWorld ---
[INFO] Installing D:\Workspace\simplity\examples\mcHelloWorld\target\mcHelloWorld-1.2.1-SNAPSHOT.jar to D:\Repo\.m2\org\simplity\examples\mcHelloWorld\1.2.1-SNAPSHOT\mcHelloWorld-1.2.1-SNAPSHOT.jar
[INFO] Installing D:\Workspace\simplity\examples\mcHelloWorld\dependency-reduced-pom.xml to D:\Repo\.m2\org\simplity\examples\mcHelloWorld\1.2.1-SNAPSHOT\mcHelloWorld-1.2.1-SNAPSHOT.pom
[INFO] 
[INFO] --- maven-resources-plugin:3.0.2:copy-resources (copy-resources) @ mcHelloWorld ---
[INFO] Using 'UTF-8' encoding to copy filtered resources.
[INFO] Copying 5 resources
[INFO]                                                                         
[INFO] ------------------------------------------------------------------------
[INFO] Building wbFileAgent Maven Webapp 1.2.1-SNAPSHOT
[INFO] ------------------------------------------------------------------------
[INFO] 
[INFO] --- maven-resources-plugin:2.6:resources (default-resources) @ wbFileAgent ---
[WARNING] Using platform encoding (Cp1252 actually) to copy filtered resources, i.e. build is platform dependent!
[INFO] Copying 13 resources
[INFO] 
[INFO] --- maven-compiler-plugin:3.1:compile (default-compile) @ wbFileAgent ---
[INFO] Changes detected - recompiling the module!
[WARNING] File encoding has not been set, using platform encoding Cp1252, i.e. build is platform dependent!
[INFO] Compiling 1 source file to D:\Workspace\simplity\examples\wbFileAgent\target\classes
[INFO] 
[INFO] --- maven-resources-plugin:2.6:testResources (default-testResources) @ wbFileAgent ---
[WARNING] Using platform encoding (Cp1252 actually) to copy filtered resources, i.e. build is platform dependent!
[INFO] skip non existing resourceDirectory D:\Workspace\simplity\examples\wbFileAgent\src\test\resources
[INFO] 
[INFO] --- maven-compiler-plugin:3.1:testCompile (default-testCompile) @ wbFileAgent ---
[INFO] No sources to compile
[INFO] 
[INFO] --- maven-surefire-plugin:2.12.4:test (default-test) @ wbFileAgent ---
[INFO] No tests to run.
[INFO] 
[INFO] --- maven-war-plugin:2.2:war (default-war) @ wbFileAgent ---
[INFO] Packaging webapp
[INFO] Assembling webapp [wbFileAgent] in [D:\Workspace\simplity\examples\wbFileAgent\target\wbFileAgent]
[INFO] Processing war project
[INFO] Copying webapp resources [D:\Workspace\simplity\examples\wbFileAgent\src\main\webapp]
[INFO] Webapp assembled in [99 msecs]
[INFO] Building war: D:\Workspace\simplity\examples\wbFileAgent\target\wbFileAgent.war
[INFO] WEB-INF\web.xml already added, skipping
[INFO] 
[INFO] --- maven-install-plugin:2.4:install (default-install) @ wbFileAgent ---
[INFO] Installing D:\Workspace\simplity\examples\wbFileAgent\target\wbFileAgent.war to D:\Repo\.m2\org\simplity\examples\wbFileAgent\1.2.1-SNAPSHOT\wbFileAgent-1.2.1-SNAPSHOT.war
[INFO] Installing D:\Workspace\simplity\examples\wbFileAgent\pom.xml to D:\Repo\.m2\org\simplity\examples\wbFileAgent\1.2.1-SNAPSHOT\wbFileAgent-1.2.1-SNAPSHOT.pom
[INFO]                                                                         
[INFO] ------------------------------------------------------------------------
[INFO] Building petstore Maven Webapp 1.2.1-SNAPSHOT
[INFO] ------------------------------------------------------------------------
[INFO] 
[INFO] --- sql-maven-plugin:1.5:execute (create-db) @ petclinic ---
[INFO] Executing file: C:\Users\chetana_shanbhag\AppData\Local\Temp\schema.674731712sql
[INFO] Executing file: C:\Users\chetana_shanbhag\AppData\Local\Temp\data.3756392sql
[INFO] Executing file: C:\Users\chetana_shanbhag\AppData\Local\Temp\views.1569322296sql
[INFO] 76 of 76 SQL statements executed successfully
[INFO] 
[INFO] --- maven-resources-plugin:2.6:resources (default-resources) @ petclinic ---
[WARNING] File encoding has not been set, using platform encoding Cp1252, i.e. build is platform dependent!
[WARNING] Using platform encoding (Cp1252 actually) to copy filtered resources, i.e. build is platform dependent!
[INFO] Copying 29 resources
[INFO] 
[INFO] --- maven-compiler-plugin:3.1:compile (default-compile) @ petclinic ---
[INFO] Changes detected - recompiling the module!
[WARNING] File encoding has not been set, using platform encoding Cp1252, i.e. build is platform dependent!
[INFO] Compiling 2 source files to D:\Workspace\simplity\examples\petclinic\target\classes
[INFO] 
[INFO] --- maven-resources-plugin:2.6:testResources (default-testResources) @ petclinic ---
[WARNING] File encoding has not been set, using platform encoding Cp1252, i.e. build is platform dependent!
[WARNING] Using platform encoding (Cp1252 actually) to copy filtered resources, i.e. build is platform dependent!
[INFO] Copying 29 resources
[INFO] 
[INFO] --- maven-compiler-plugin:3.1:testCompile (default-testCompile) @ petclinic ---
[INFO] Changes detected - recompiling the module!
[WARNING] File encoding has not been set, using platform encoding Cp1252, i.e. build is platform dependent!
[INFO] Compiling 1 source file to D:\Workspace\simplity\examples\petclinic\target\test-classes
[INFO] 
[INFO] --- maven-surefire-plugin:2.12.4:test (default-test) @ petclinic ---
[INFO] Surefire report directory: D:\Workspace\simplity\examples\petclinic\target\surefire-reports

-------------------------------------------------------
 T E S T S
-------------------------------------------------------
Running org.simplity.pet.test.PetClinicTest

Bootstrapping with /D:/Workspace/simplity/examples/petclinic/target/test-classes/comp

component folder set to /D:/Workspace/simplity/examples/petclinic/target/test-classes/comp/

0 java class names loaded as services.

Going to load components from /D:/Workspace/simplity/examples/petclinic/target/test-classes/comp/dt/kernel.xml

Going to load components from /D:/Workspace/simplity/examples/petclinic/target/test-classes/comp/dt/pet.xml

20 DataType loaded.

Going to load components from /D:/Workspace/simplity/examples/petclinic/target/test-classes/comp/msg/kernel.xml

Going to load components from /D:/Workspace/simplity/examples/petclinic/target/test-classes/comp/msg/pet.xml

29 Message loaded.

0 Function loaded.

components pre-loaded

dbVendor is set to H2

Driver class name org.h2.Driver invoked successfully

Database connection for H2 established successfully using a valid connection string. Default schema is PUBLIC

Logging framework is set to LOG4J. Will try to locate the right class and connect to it.
2017-06-19 10:06:26,811 INFO  [main] kernel.Log4JWorker (ServiceLogger.java:209) - 
Service logs successfully diverted to the logging framework LOG4J
2017-06-19 10:06:26,831 INFO  [main] kernel.Log4JWorker (ServiceLogger.java:209) - 
Web Agent is given a green signal by Startup to start serving.
2017-06-19 10:06:26,834 INFO  [main] kernel.Log4JWorker (ServiceLogger.java:209) - 
No login service is attached. we use a dummy login.
2017-06-19 10:06:26,835 INFO  [main] kernel.Log4JWorker (ServiceLogger.java:209) - 
we cleared userId=100 with no authentication whatsoever.
2017-06-19 10:06:26,862 INFO  [main] kernel.Log4JWorker (ServiceLogger.java:209) - 
Input Json : {"lastName":"Davis"}
2017-06-19 10:06:26,869 INFO  [main] kernel.Log4JWorker (ServiceLogger.java:209) - 
Trying to generate service filter_owners on-the-fly
2017-06-19 10:06:26,886 INFO  [main] kernel.Log4JWorker (ServiceLogger.java:209) - 
service name set to filter_owners and null
2017-06-19 10:06:26,925 INFO  [main] kernel.Log4JWorker (ServiceLogger.java:209) - 
Invoking service filter_owners
2017-06-19 10:06:26,933 INFO  [main] kernel.Log4JWorker (ServiceLogger.java:209) - 
1 fields into ctx based on record owners
2017-06-19 10:06:27,048 INFO  [main] kernel.Log4JWorker (ServiceLogger.java:209) - 
SELECT ID "ownerId",FIRST_NAME "firstName",LAST_NAME "lastName",ADDRESS "address",CITY "city",TELEPHONE "telephone" FROM OWNERS WHERE LAST_NAME=?
 Parameters
1 : Davis
2017-06-19 10:06:27,050 INFO  [main] kernel.Log4JWorker (ServiceLogger.java:209) - 
2 rows extracted.
2017-06-19 10:06:27,061 INFO  [main] kernel.Log4JWorker (ServiceLogger.java:209) - 
SELECT PET_ID "petId",PET_NAME "petName",BIRTH_DATE "petDob",TYPE_ID "petTypeId",OWNER_ID "ownerId",PET_TYPE "petType",FIRST_NAME "firstName",LAST_NAME "lastName" FROM PET_DETAILS WHERE OWNER_ID IN (?,?)
 Parameters
1 : 2
2 : 4
2017-06-19 10:06:27,069 INFO  [main] kernel.Log4JWorker (ServiceLogger.java:209) - 
2 rows extracted.
2017-06-19 10:06:27,078 INFO  [main] kernel.Log4JWorker (ServiceLogger.java:209) - 
SELECT ID "visitId",PET_ID "petId",VISIT_DATE "visitDate",DESCRIPTION "visitDescription" FROM VISITS WHERE PET_ID IN (?,?)
 Parameters
1 : 2
2 : 5
2017-06-19 10:06:27,079 INFO  [main] kernel.Log4JWorker (ServiceLogger.java:209) - 
0 rows extracted.
2017-06-19 10:06:27,080 INFO  [main] kernel.Log4JWorker (ServiceLogger.java:209) - 
Action filter_owners finished with result=2 in 42 ms
2017-06-19 10:06:27,083 INFO  [main] kernel.Log4JWorker (ServiceLogger.java:209) - 
Going to close a connection of type READ_ONLY with allOK = true
2017-06-19 10:06:27,099 INFO  [main] kernel.Log4JWorker (ServiceLogger.java:209) - 
No rows found in child sheet visits for parent key 2
2017-06-19 10:06:27,100 INFO  [main] kernel.Log4JWorker (ServiceLogger.java:209) - 
No rows found in child sheet visits for parent key 5
2017-06-19 10:06:27,100 INFO  [main] kernel.Log4JWorker (ServiceLogger.java:209) - 
Sheet petDetails will be output as part of its parent sheet owners
2017-06-19 10:06:27,100 INFO  [main] kernel.Log4JWorker (ServiceLogger.java:209) - 
Sheet visits will be output as part of its parent sheet petDetails
2017-06-19 10:06:27,101 INFO  [main] kernel.Log4JWorker (ServiceLogger.java:209) - 
filter_owners responded with all OK signal
2017-06-19 10:06:27,103 INFO  [main] kernel.Log4JWorker (ServiceLogger.java:209) - 
Output JSON : {"owners":[{"ownerId":2,"firstName":"Betty","lastName":"Davis","address":"638 Cardinal Ave.","city":"Sun Prairie","telephone":"6085551749","petDetails":[{"petId":2,"petName":"Basil","petDob":"2012-08-06","petTypeId":6,"ownerId":2,"petType":"hamster","firstName":"Betty","lastName":"Davis"}]},{"ownerId":4,"firstName":"Harold","lastName":"Davis","address":"563 Friendly St.","city":"Windsor","telephone":"6085553198","petDetails":[{"petId":5,"petName":"Iggy","petDob":"2010-11-30","petTypeId":3,"ownerId":4,"petType":"lizard","firstName":"Harold","lastName":"Davis"}]}],"_messages":[]}
2017-06-19 10:06:27,105 INFO  [main] kernel.Log4JWorker (ServiceLogger.java:209) - 
Input Json : {"lastName":"Davisss"}
2017-06-19 10:06:27,105 INFO  [main] kernel.Log4JWorker (ServiceLogger.java:209) - 
Trying to generate service filter_owners on-the-fly
2017-06-19 10:06:27,114 INFO  [main] kernel.Log4JWorker (ServiceLogger.java:209) - 
service name set to filter_owners and null
2017-06-19 10:06:27,136 INFO  [main] kernel.Log4JWorker (ServiceLogger.java:209) - 
Invoking service filter_owners
2017-06-19 10:06:27,136 INFO  [main] kernel.Log4JWorker (ServiceLogger.java:209) - 
1 fields into ctx based on record owners
2017-06-19 10:06:27,194 INFO  [main] kernel.Log4JWorker (ServiceLogger.java:209) - 
SELECT ID "ownerId",FIRST_NAME "firstName",LAST_NAME "lastName",ADDRESS "address",CITY "city",TELEPHONE "telephone" FROM OWNERS WHERE LAST_NAME=?
 Parameters
1 : Davisss
2017-06-19 10:06:27,197 INFO  [main] kernel.Log4JWorker (ServiceLogger.java:209) - 
0 rows extracted.
2017-06-19 10:06:27,199 INFO  [main] kernel.Log4JWorker (ServiceLogger.java:209) - 
Action filter_owners finished with result=0 in 8 ms
2017-06-19 10:06:27,199 INFO  [main] kernel.Log4JWorker (ServiceLogger.java:209) - 
Going to close a connection of type READ_ONLY with allOK = true
2017-06-19 10:06:27,214 INFO  [main] kernel.Log4JWorker (ServiceLogger.java:209) - 
Sheet petDetails has no data to output
2017-06-19 10:06:27,215 INFO  [main] kernel.Log4JWorker (ServiceLogger.java:209) - 
Sheet  has no data. json is not added
2017-06-19 10:06:27,216 INFO  [main] kernel.Log4JWorker (ServiceLogger.java:209) - 
Sheet petDetails will be output as part of its parent sheet owners
2017-06-19 10:06:27,216 INFO  [main] kernel.Log4JWorker (ServiceLogger.java:209) - 
Sheet visits will be output as part of its parent sheet petDetails
2017-06-19 10:06:27,217 INFO  [main] kernel.Log4JWorker (ServiceLogger.java:209) - 
filter_owners responded with all OK signal
2017-06-19 10:06:27,217 INFO  [main] kernel.Log4JWorker (ServiceLogger.java:209) - 
Output JSON : {"owners":null,"_messages":[{"name":"kernel.noRows","text":"No rows found maching the requested data","messageType":"info","data":null}]}
2017-06-19 10:06:27,218 INFO  [main] kernel.Log4JWorker (ServiceLogger.java:209) - 
Input Json : {"pets":[{"petName":"bowser","petTypeId":"2","petDob":"2016-12-11"},{"petName":"skimpy","petTypeId":"3","petDob":"2015-12-10"}],"firstName":"Sam-Old","lastName":"Schultz-Old","address":"4, Evans Street-Old","city":"Wollongong-Old","telephone":"4444444444-0"}
2017-06-19 10:06:27,218 INFO  [main] kernel.Log4JWorker (ServiceLogger.java:209) - 
Trying to generate service save_owners on-the-fly
2017-06-19 10:06:27,221 INFO  [main] kernel.Log4JWorker (ServiceLogger.java:209) - 
service name set to save_owners and null
2017-06-19 10:06:27,245 INFO  [main] kernel.Log4JWorker (ServiceLogger.java:209) - 
Invoking service save_owners
2017-06-19 10:06:27,246 INFO  [main] kernel.Log4JWorker (ServiceLogger.java:209) - 
No data for sheet owners. We try and add fields instead.
2017-06-19 10:06:27,246 INFO  [main] kernel.Log4JWorker (ServiceLogger.java:209) - 
5 fields into ctx based on record owners
2017-06-19 10:06:27,247 INFO  [main] kernel.Log4JWorker (ServiceLogger.java:209) - 
No data for sheet owners
2017-06-19 10:06:27,248 INFO  [main] kernel.Log4JWorker (ServiceLogger.java:209) - 
Datasheet pets with 2 rows added to the context.
2017-06-19 10:06:27,309 INFO  [main] kernel.Log4JWorker (ServiceLogger.java:209) - 
INSERT INTO OWNERS(FIRST_NAME,LAST_NAME,ADDRESS,CITY,TELEPHONE) Values(?,?,?,?,?)
 Parameters
1 : Sam-Old
2 : Schultz-Old
3 : 4, Evans Street-Old
4 : Wollongong-Old
5 : 4444444444-0
2017-06-19 10:06:27,313 INFO  [main] kernel.Log4JWorker (ServiceLogger.java:209) - 
1 rows affected.
2017-06-19 10:06:27,319 INFO  [main] kernel.Log4JWorker (ServiceLogger.java:209) - 
Saving children is a noble cause!! Going to save child record pets for action = ADD
2017-06-19 10:06:27,321 INFO  [main] kernel.Log4JWorker (ServiceLogger.java:209) - 
Generated key retrieval is NOT supported for batch. Keys for child table are to be retrieved automatically
2017-06-19 10:06:27,325 INFO  [main] kernel.Log4JWorker (ServiceLogger.java:209) - 
2 rows affected.
2017-06-19 10:06:27,325 INFO  [main] kernel.Log4JWorker (ServiceLogger.java:209) - 
Action save_owners finished with result=3 in 22 ms
2017-06-19 10:06:27,326 INFO  [main] kernel.Log4JWorker (ServiceLogger.java:209) - 
Going to close a connection of type READ_WRITE with allOK = true
2017-06-19 10:06:27,352 INFO  [main] kernel.Log4JWorker (ServiceLogger.java:209) - 
save_owners responded with all OK signal
2017-06-19 10:06:27,353 INFO  [main] kernel.Log4JWorker (ServiceLogger.java:209) - 
Output JSON : {"ownerId":11,"firstName":"Sam-Old","lastName":"Schultz-Old","address":"4, Evans Street-Old","city":"Wollongong-Old","telephone":"4444444444-0","_messages":[]}
2017-06-19 10:06:27,354 INFO  [main] kernel.Log4JWorker (ServiceLogger.java:209) - 
Input Json : {"firstName":"Sam","lastName":"Schultz","address":"4, Evans Street","city":"Wollongong","telephone":"4444444444","ownerId":11}
2017-06-19 10:06:27,354 INFO  [main] kernel.Log4JWorker (ServiceLogger.java:209) - 
Trying to generate service save_owners on-the-fly
2017-06-19 10:06:27,357 INFO  [main] kernel.Log4JWorker (ServiceLogger.java:209) - 
service name set to save_owners and null
2017-06-19 10:06:27,371 INFO  [main] kernel.Log4JWorker (ServiceLogger.java:209) - 
Invoking service save_owners
2017-06-19 10:06:27,371 INFO  [main] kernel.Log4JWorker (ServiceLogger.java:209) - 
No data for sheet owners. We try and add fields instead.
2017-06-19 10:06:27,372 INFO  [main] kernel.Log4JWorker (ServiceLogger.java:209) - 
6 fields into ctx based on record owners
2017-06-19 10:06:27,372 INFO  [main] kernel.Log4JWorker (ServiceLogger.java:209) - 
No data for sheet owners
2017-06-19 10:06:27,372 INFO  [main] kernel.Log4JWorker (ServiceLogger.java:209) - 
No rows for pets
2017-06-19 10:06:27,372 INFO  [main] kernel.Log4JWorker (ServiceLogger.java:209) - 
No data for sheet pets
2017-06-19 10:06:27,419 INFO  [main] kernel.Log4JWorker (ServiceLogger.java:209) - 
UPDATE OWNERS SET FIRST_NAME=?,LAST_NAME=?,ADDRESS=?,CITY=?,TELEPHONE=? WHERE ID=?
 Parameters
1 : Sam
2 : Schultz
3 : 4, Evans Street
4 : Wollongong
5 : 4444444444
6 : 11
2017-06-19 10:06:27,422 INFO  [main] kernel.Log4JWorker (ServiceLogger.java:209) - 
1 rows affected.
2017-06-19 10:06:27,427 INFO  [main] kernel.Log4JWorker (ServiceLogger.java:209) - 
Related record pets not saved as there is no data in sheet pets
2017-06-19 10:06:27,428 INFO  [main] kernel.Log4JWorker (ServiceLogger.java:209) - 
Action save_owners finished with result=1 in 11 ms
2017-06-19 10:06:27,428 INFO  [main] kernel.Log4JWorker (ServiceLogger.java:209) - 
Going to close a connection of type READ_WRITE with allOK = true
2017-06-19 10:06:27,444 INFO  [main] kernel.Log4JWorker (ServiceLogger.java:209) - 
save_owners responded with all OK signal
2017-06-19 10:06:27,444 INFO  [main] kernel.Log4JWorker (ServiceLogger.java:209) - 
Output JSON : {"ownerId":11,"firstName":"Sam","lastName":"Schultz","address":"4, Evans Street","city":"Wollongong","telephone":"4444444444","_messages":[]}
2017-06-19 10:06:27,445 INFO  [main] kernel.Log4JWorker (ServiceLogger.java:209) - 
Input Json : {"petName":"woofy","petTypeId":"1","petDob":"2014-03-05","ownerId":11}
2017-06-19 10:06:27,445 INFO  [main] kernel.Log4JWorker (ServiceLogger.java:209) - 
Trying to generate service save_pets on-the-fly
2017-06-19 10:06:27,449 INFO  [main] kernel.Log4JWorker (ServiceLogger.java:209) - 
service name set to save_pets and null
2017-06-19 10:06:27,458 INFO  [main] kernel.Log4JWorker (ServiceLogger.java:209) - 
Invoking service save_pets
2017-06-19 10:06:27,459 INFO  [main] kernel.Log4JWorker (ServiceLogger.java:209) - 
No data for sheet pets. We try and add fields instead.
2017-06-19 10:06:27,459 INFO  [main] kernel.Log4JWorker (ServiceLogger.java:209) - 
4 fields into ctx based on record pets
2017-06-19 10:06:27,460 INFO  [main] kernel.Log4JWorker (ServiceLogger.java:209) - 
No data for sheet pets
2017-06-19 10:06:27,509 INFO  [main] kernel.Log4JWorker (ServiceLogger.java:209) - 
INSERT INTO PETS(NAME,BIRTH_DATE,TYPE_ID,OWNER_ID) Values(?,?,?,?)
 Parameters
1 : woofy
2 : 2014-03-05
3 : 1
4 : 11
2017-06-19 10:06:27,511 INFO  [main] kernel.Log4JWorker (ServiceLogger.java:209) - 
1 rows affected.
2017-06-19 10:06:27,512 INFO  [main] kernel.Log4JWorker (ServiceLogger.java:209) - 
Action save_pets finished with result=1 in 8 ms
2017-06-19 10:06:27,512 INFO  [main] kernel.Log4JWorker (ServiceLogger.java:209) - 
Going to close a connection of type READ_WRITE with allOK = true
2017-06-19 10:06:27,533 INFO  [main] kernel.Log4JWorker (ServiceLogger.java:209) - 
save_pets responded with all OK signal
2017-06-19 10:06:27,536 INFO  [main] kernel.Log4JWorker (ServiceLogger.java:209) - 
Output JSON : {"petId":16,"petName":"woofy","petDob":"2014-03-05","petTypeId":1,"ownerId":11,"_messages":[]}
2017-06-19 10:06:27,536 INFO  [main] kernel.Log4JWorker (ServiceLogger.java:209) - 
Input Json : {"ownerId":11}
2017-06-19 10:06:27,536 INFO  [main] kernel.Log4JWorker (ServiceLogger.java:209) - 
Trying to generate service get_Owners on-the-fly
2017-06-19 10:06:27,545 INFO  [main] kernel.Log4JWorker (ServiceLogger.java:209) - 
service name set to get_Owners and null
2017-06-19 10:06:27,570 INFO  [main] kernel.Log4JWorker (ServiceLogger.java:209) - 
Invoking service get_Owners
2017-06-19 10:06:27,570 INFO  [main] kernel.Log4JWorker (ServiceLogger.java:209) - 
1 fields into ctx based on record owners
2017-06-19 10:06:27,620 INFO  [main] kernel.Log4JWorker (ServiceLogger.java:209) - 
SELECT ID "ownerId",FIRST_NAME "firstName",LAST_NAME "lastName",ADDRESS "address",CITY "city",TELEPHONE "telephone" FROM OWNERS WHERE ID=?
 Parameters
1 : 11
2017-06-19 10:06:27,621 INFO  [main] kernel.Log4JWorker (ServiceLogger.java:209) - 
1 rows extracted.
2017-06-19 10:06:27,629 INFO  [main] kernel.Log4JWorker (ServiceLogger.java:209) - 
SELECT PET_ID "petId",PET_NAME "petName",BIRTH_DATE "petDob",TYPE_ID "petTypeId",OWNER_ID "ownerId",PET_TYPE "petType",FIRST_NAME "firstName",LAST_NAME "lastName" FROM PET_DETAILS WHERE OWNER_ID=?
 Parameters
1 : 11
2017-06-19 10:06:27,632 INFO  [main] kernel.Log4JWorker (ServiceLogger.java:209) - 
3 rows extracted.
2017-06-19 10:06:27,640 INFO  [main] kernel.Log4JWorker (ServiceLogger.java:209) - 
SELECT ID "visitId",PET_ID "petId",VISIT_DATE "visitDate",DESCRIPTION "visitDescription" FROM VISITS WHERE PET_ID IN (?,?,?)
 Parameters
1 : 14
2 : 15
3 : 16
2017-06-19 10:06:27,641 INFO  [main] kernel.Log4JWorker (ServiceLogger.java:209) - 
0 rows extracted.
2017-06-19 10:06:27,641 INFO  [main] kernel.Log4JWorker (ServiceLogger.java:209) - 
Action read_owners finished with result=1 in 24 ms
2017-06-19 10:06:27,642 INFO  [main] kernel.Log4JWorker (ServiceLogger.java:209) - 
Going to close a connection of type READ_ONLY with allOK = true
2017-06-19 10:06:27,655 INFO  [main] kernel.Log4JWorker (ServiceLogger.java:209) - 
Service context has no sheet with name owners for output. We try and output fields.
2017-06-19 10:06:27,657 INFO  [main] kernel.Log4JWorker (ServiceLogger.java:209) - 
No rows found in child sheet visits for parent key 14
2017-06-19 10:06:27,660 INFO  [main] kernel.Log4JWorker (ServiceLogger.java:209) - 
No rows found in child sheet visits for parent key 15
2017-06-19 10:06:27,663 INFO  [main] kernel.Log4JWorker (ServiceLogger.java:209) - 
No rows found in child sheet visits for parent key 16
2017-06-19 10:06:27,664 INFO  [main] kernel.Log4JWorker (ServiceLogger.java:209) - 
Sheet petDetails will be output as part of its parent sheet owners
2017-06-19 10:06:27,664 INFO  [main] kernel.Log4JWorker (ServiceLogger.java:209) - 
Sheet visits will be output as part of its parent sheet petDetails
2017-06-19 10:06:27,664 INFO  [main] kernel.Log4JWorker (ServiceLogger.java:209) - 
get_Owners responded with all OK signal
2017-06-19 10:06:27,669 INFO  [main] kernel.Log4JWorker (ServiceLogger.java:209) - 
Output JSON : {"ownerId":11,"firstName":"Sam","lastName":"Schultz","address":"4, Evans Street","city":"Wollongong","telephone":"4444444444","petDetails":[{"petId":14,"petName":"bowser","petDob":"2016-12-11","petTypeId":2,"ownerId":11,"petType":"dog","firstName":"Sam","lastName":"Schultz"},{"petId":15,"petName":"skimpy","petDob":"2015-12-10","petTypeId":3,"ownerId":11,"petType":"lizard","firstName":"Sam","lastName":"Schultz"},{"petId":16,"petName":"woofy","petDob":"2014-03-05","petTypeId":1,"ownerId":11,"petType":"cat","firstName":"Sam","lastName":"Schultz"}],"_messages":[]}
2017-06-19 10:06:27,673 INFO  [main] kernel.Log4JWorker (ServiceLogger.java:209) - 
Input Json : {"petId":16,"visitDescription":"regular periodic check up","visitDate":"2016-12-25"}
2017-06-19 10:06:27,673 INFO  [main] kernel.Log4JWorker (ServiceLogger.java:209) - 
Trying to generate service save_visits on-the-fly
2017-06-19 10:06:27,681 INFO  [main] kernel.Log4JWorker (ServiceLogger.java:209) - 
service name set to save_visits and null
2017-06-19 10:06:27,692 INFO  [main] kernel.Log4JWorker (ServiceLogger.java:209) - 
Invoking service save_visits
2017-06-19 10:06:27,693 INFO  [main] kernel.Log4JWorker (ServiceLogger.java:209) - 
No data for sheet visits. We try and add fields instead.
2017-06-19 10:06:27,694 INFO  [main] kernel.Log4JWorker (ServiceLogger.java:209) - 
3 fields into ctx based on record visits
2017-06-19 10:06:27,694 INFO  [main] kernel.Log4JWorker (ServiceLogger.java:209) - 
No data for sheet visits
2017-06-19 10:06:27,748 INFO  [main] kernel.Log4JWorker (ServiceLogger.java:209) - 
INSERT INTO VISITS(PET_ID,VISIT_DATE,DESCRIPTION) Values(?,?,?)
 Parameters
1 : 16
2 : 2016-12-25
3 : regular periodic check up
2017-06-19 10:06:27,750 INFO  [main] kernel.Log4JWorker (ServiceLogger.java:209) - 
1 rows affected.
2017-06-19 10:06:27,750 INFO  [main] kernel.Log4JWorker (ServiceLogger.java:209) - 
Action save_visits finished with result=1 in 8 ms
2017-06-19 10:06:27,751 INFO  [main] kernel.Log4JWorker (ServiceLogger.java:209) - 
Going to close a connection of type READ_WRITE with allOK = true
2017-06-19 10:06:27,767 INFO  [main] kernel.Log4JWorker (ServiceLogger.java:209) - 
save_visits responded with all OK signal
2017-06-19 10:06:27,767 INFO  [main] kernel.Log4JWorker (ServiceLogger.java:209) - 
Output JSON : {"visitId":5,"petId":16,"visitDate":"2016-12-25","visitDescription":"regular periodic check up","_messages":[]}
2017-06-19 10:06:27,767 INFO  [main] kernel.Log4JWorker (ServiceLogger.java:209) - 
Input Json : {"petId":16}
2017-06-19 10:06:27,769 INFO  [main] kernel.Log4JWorker (ServiceLogger.java:209) - 
Trying to generate service get_petDetails on-the-fly
2017-06-19 10:06:27,781 INFO  [main] kernel.Log4JWorker (ServiceLogger.java:209) - 
service name set to get_petDetails and null
2017-06-19 10:06:27,801 INFO  [main] kernel.Log4JWorker (ServiceLogger.java:209) - 
Invoking service get_petDetails
2017-06-19 10:06:27,802 INFO  [main] kernel.Log4JWorker (ServiceLogger.java:209) - 
1 fields into ctx based on record petDetails
2017-06-19 10:06:27,931 INFO  [main] kernel.Log4JWorker (ServiceLogger.java:209) - 
SELECT PET_ID "petId",PET_NAME "petName",BIRTH_DATE "petDob",TYPE_ID "petTypeId",OWNER_ID "ownerId",PET_TYPE "petType",FIRST_NAME "firstName",LAST_NAME "lastName" FROM PET_DETAILS WHERE PET_ID=?
 Parameters
1 : 16
2017-06-19 10:06:27,936 INFO  [main] kernel.Log4JWorker (ServiceLogger.java:209) - 
1 rows extracted.
2017-06-19 10:06:27,943 INFO  [main] kernel.Log4JWorker (ServiceLogger.java:209) - 
SELECT ID "visitId",PET_ID "petId",VISIT_DATE "visitDate",DESCRIPTION "visitDescription" FROM VISITS WHERE PET_ID=?
 Parameters
1 : 16
2017-06-19 10:06:27,945 INFO  [main] kernel.Log4JWorker (ServiceLogger.java:209) - 
1 rows extracted.
2017-06-19 10:06:27,945 INFO  [main] kernel.Log4JWorker (ServiceLogger.java:209) - 
Action read_petDetails finished with result=1 in 22 ms
2017-06-19 10:06:27,946 INFO  [main] kernel.Log4JWorker (ServiceLogger.java:209) - 
Going to close a connection of type READ_ONLY with allOK = true
2017-06-19 10:06:28,080 INFO  [main] kernel.Log4JWorker (ServiceLogger.java:209) - 
Service context has no sheet with name petDetails for output. We try and output fields.
2017-06-19 10:06:28,081 INFO  [main] kernel.Log4JWorker (ServiceLogger.java:209) - 
Sheet visits will be output as part of its parent sheet petDetails
2017-06-19 10:06:28,081 INFO  [main] kernel.Log4JWorker (ServiceLogger.java:209) - 
get_petDetails responded with all OK signal
2017-06-19 10:06:28,082 INFO  [main] kernel.Log4JWorker (ServiceLogger.java:209) - 
Output JSON : {"petId":16,"petName":"woofy","petDob":"2014-03-05","petTypeId":1,"ownerId":11,"petType":"cat","firstName":"Sam","lastName":"Schultz","visits":[{"visitId":5,"petId":16,"visitDate":"2016-12-25","visitDescription":"regular periodic check up"}],"_messages":[]}
Tests run: 1, Failures: 0, Errors: 0, Skipped: 0, Time elapsed: 2.575 sec

Results :

Tests run: 1, Failures: 0, Errors: 0, Skipped: 0

[INFO] 
[INFO] --- maven-war-plugin:2.2:war (default-war) @ petclinic ---
[INFO] Packaging webapp
[INFO] Assembling webapp [petclinic] in [D:\Workspace\simplity\examples\petclinic\target\petstore]
[INFO] Processing war project
[INFO] Copying webapp resources [D:\Workspace\simplity\examples\petclinic\src\main\webapp]
[INFO] Webapp assembled in [799 msecs]
[INFO] Building war: D:\Workspace\simplity\examples\petclinic\target\petstore.war
[INFO] WEB-INF\web.xml already added, skipping
[INFO] 
[INFO] --- maven-install-plugin:2.4:install (default-install) @ petclinic ---
[INFO] Installing D:\Workspace\simplity\examples\petclinic\target\petstore.war to D:\Repo\.m2\org\simplity\examples\petclinic\1.2.1-SNAPSHOT\petclinic-1.2.1-SNAPSHOT.war
[INFO] Installing D:\Workspace\simplity\examples\petclinic\pom.xml to D:\Repo\.m2\org\simplity\examples\petclinic\1.2.1-SNAPSHOT\petclinic-1.2.1-SNAPSHOT.pom
[INFO]                                                                         
[INFO] ------------------------------------------------------------------------
[INFO] Building jmsDemo Maven Webapp 1.2.1-SNAPSHOT
[INFO] ------------------------------------------------------------------------
[INFO] 
[INFO] --- maven-resources-plugin:2.6:resources (default-resources) @ jmsDemo ---
[WARNING] File encoding has not been set, using platform encoding Cp1252, i.e. build is platform dependent!
[WARNING] Using platform encoding (Cp1252 actually) to copy filtered resources, i.e. build is platform dependent!
[INFO] Copying 13 resources
[INFO] 
[INFO] --- maven-compiler-plugin:3.1:compile (default-compile) @ jmsDemo ---
[INFO] Changes detected - recompiling the module!
[WARNING] File encoding has not been set, using platform encoding Cp1252, i.e. build is platform dependent!
[INFO] Compiling 1 source file to D:\Workspace\simplity\examples\jmsDemo\target\classes
[INFO] 
[INFO] --- maven-resources-plugin:2.6:testResources (default-testResources) @ jmsDemo ---
[WARNING] File encoding has not been set, using platform encoding Cp1252, i.e. build is platform dependent!
[WARNING] Using platform encoding (Cp1252 actually) to copy filtered resources, i.e. build is platform dependent!
[INFO] Copying 13 resources
[INFO] 
[INFO] --- maven-compiler-plugin:3.1:testCompile (default-testCompile) @ jmsDemo ---
[INFO] No sources to compile
[INFO] 
[INFO] --- maven-surefire-plugin:2.12.4:test (default-test) @ jmsDemo ---
[INFO] 
[INFO] --- maven-war-plugin:2.2:war (default-war) @ jmsDemo ---
[INFO] Packaging webapp
[INFO] Assembling webapp [jmsDemo] in [D:\Workspace\simplity\examples\jmsDemo\target\jmsDemo]
[INFO] Processing war project
[INFO] Copying webapp resources [D:\Workspace\simplity\examples\jmsDemo\src\main\webapp]
[INFO] Webapp assembled in [190 msecs]
[INFO] Building war: D:\Workspace\simplity\examples\jmsDemo\target\jmsDemo.war
[INFO] WEB-INF\web.xml already added, skipping
[INFO] 
[INFO] --- maven-install-plugin:2.4:install (default-install) @ jmsDemo ---
[INFO] Installing D:\Workspace\simplity\examples\jmsDemo\target\jmsDemo.war to D:\Repo\.m2\org\simplity\examples\jmsDemo\1.2.1-SNAPSHOT\jmsDemo-1.2.1-SNAPSHOT.war
[INFO] Installing D:\Workspace\simplity\examples\jmsDemo\pom.xml to D:\Repo\.m2\org\simplity\examples\jmsDemo\1.2.1-SNAPSHOT\jmsDemo-1.2.1-SNAPSHOT.pom
[INFO]                                                                         
[INFO] ------------------------------------------------------------------------
[INFO] Building springIntegration Maven Webapp 1.2.1-SNAPSHOT
[INFO] ------------------------------------------------------------------------
[INFO] 
[INFO] --- maven-resources-plugin:2.6:resources (default-resources) @ springIntegration ---
[WARNING] File encoding has not been set, using platform encoding Cp1252, i.e. build is platform dependent!
[WARNING] Using platform encoding (Cp1252 actually) to copy filtered resources, i.e. build is platform dependent!
[INFO] Copying 12 resources
[INFO] 
[INFO] --- maven-compiler-plugin:3.1:compile (default-compile) @ springIntegration ---
[INFO] Changes detected - recompiling the module!
[WARNING] File encoding has not been set, using platform encoding Cp1252, i.e. build is platform dependent!
[INFO] Compiling 5 source files to D:\Workspace\simplity\examples\springIntegration\target\classes
[INFO] 
[INFO] --- maven-resources-plugin:2.6:testResources (default-testResources) @ springIntegration ---
[WARNING] File encoding has not been set, using platform encoding Cp1252, i.e. build is platform dependent!
[WARNING] Using platform encoding (Cp1252 actually) to copy filtered resources, i.e. build is platform dependent!
[INFO] Copying 12 resources
[INFO] 
[INFO] --- maven-compiler-plugin:3.1:testCompile (default-testCompile) @ springIntegration ---
[INFO] Changes detected - recompiling the module!
[WARNING] File encoding has not been set, using platform encoding Cp1252, i.e. build is platform dependent!
[INFO] Compiling 1 source file to D:\Workspace\simplity\examples\springIntegration\target\test-classes
[INFO] 
[INFO] --- maven-surefire-plugin:2.12.4:test (default-test) @ springIntegration ---
[INFO] Surefire report directory: D:\Workspace\simplity\examples\springIntegration\target\surefire-reports

-------------------------------------------------------
 T E S T S
-------------------------------------------------------
Running org.simplity.examples.springIntegration.HelloWorldTest

Bootstrapping with /D:/Workspace/simplity/examples/springIntegration/target/test-classes/comp

component folder set to /D:/Workspace/simplity/examples/springIntegration/target/test-classes/comp/

0 java class names loaded as services.

Going to load components from /D:/Workspace/simplity/examples/springIntegration/target/test-classes/comp/dt/custom.xml

Going to load components from /D:/Workspace/simplity/examples/springIntegration/target/test-classes/comp/dt/kernel.xml

19 DataType loaded.

Going to load components from /D:/Workspace/simplity/examples/springIntegration/target/test-classes/comp/msg/custom.xml

Going to load components from /D:/Workspace/simplity/examples/springIntegration/target/test-classes/comp/msg/kernel.xml

21 Message loaded.

0 Function loaded.

components pre-loaded

This Application has not set dbVendor. We assume that the application does not require any db connection.

Logging framework is set to LOG4J. Will try to locate the right class and connect to it.
2017-06-19 10:06:33,755 INFO  [main] kernel.Log4JWorker (ServiceLogger.java:209) - 
Service logs successfully diverted to the logging framework LOG4J
2017-06-19 10:06:33,770 INFO  [main] kernel.Log4JWorker (ServiceLogger.java:209) - 
Web Agent is given a green signal by Startup to start serving.
2017-06-19 10:06:33,774 INFO  [main] kernel.Log4JWorker (ServiceLogger.java:209) - 
No login service is attached. we use a dummy login.
2017-06-19 10:06:33,774 INFO  [main] kernel.Log4JWorker (ServiceLogger.java:209) - 
we cleared userId=100 with no authentication whatsoever.
2017-06-19 10:06:33,785 INFO  [main] kernel.Log4JWorker (ServiceLogger.java:209) - 
Going to load components from /D:/Workspace/simplity/examples/springIntegration/target/test-classes/comp/msg/custom.xml for validation
2017-06-19 10:06:33,796 INFO  [main] kernel.Log4JWorker (ServiceLogger.java:209) - 
Going to load components from /D:/Workspace/simplity/examples/springIntegration/target/test-classes/comp/msg/kernel.xml for validation
2017-06-19 10:06:33,806 INFO  [main] kernel.Log4JWorker (ServiceLogger.java:209) - 
Going to load components from /D:/Workspace/simplity/examples/springIntegration/target/test-classes/comp/dt/custom.xml for validation
2017-06-19 10:06:33,810 INFO  [main] kernel.Log4JWorker (ServiceLogger.java:209) - 
Going to load components from /D:/Workspace/simplity/examples/springIntegration/target/test-classes/comp/dt/kernel.xml for validation
2017-06-19 10:06:33,865 INFO  [main] kernel.Log4JWorker (ServiceLogger.java:209) - 
Input Json : {}
2017-06-19 10:06:33,866 INFO  [main] kernel.Log4JWorker (ServiceLogger.java:209) - 
Trying to generate service helloworld on-the-fly
2017-06-19 10:06:33,869 INFO  [main] kernel.Log4JWorker (ServiceLogger.java:209) - 
Invoking service helloworld
2017-06-19 10:06:33,871 INFO  [main] kernel.Log4JWorker (ServiceLogger.java:209) - 
We received input data, but this service is designed not to make use of input.
2017-06-19 10:06:33,873 INFO  [main] kernel.Log4JWorker (ServiceLogger.java:209) - 
Action _a0 finished with result=Hello World! in 1 ms
2017-06-19 10:06:33,877 INFO  [main] kernel.Log4JWorker (ServiceLogger.java:209) - 
helloworld responded with all OK signal
2017-06-19 10:06:33,880 INFO  [main] kernel.Log4JWorker (ServiceLogger.java:209) - 
Output JSON : {"hello":"Hello World!","_messages":[]}
Tests run: 1, Failures: 0, Errors: 0, Skipped: 0, Time elapsed: 0.957 sec

Results :

Tests run: 1, Failures: 0, Errors: 0, Skipped: 0

[INFO] 
[INFO] --- maven-war-plugin:2.2:war (default-war) @ springIntegration ---
[INFO] Packaging webapp
[INFO] Assembling webapp [springIntegration] in [D:\Workspace\simplity\examples\springIntegration\target\springIntegration]
[INFO] Processing war project
[INFO] Copying webapp resources [D:\Workspace\simplity\examples\springIntegration\src\main\webapp]
[INFO] Webapp assembled in [640 msecs]
[INFO] Building war: D:\Workspace\simplity\examples\springIntegration\target\springIntegration.war
[INFO] WEB-INF\web.xml already added, skipping
[INFO] 
[INFO] --- maven-install-plugin:2.4:install (default-install) @ springIntegration ---
[INFO] Installing D:\Workspace\simplity\examples\springIntegration\target\springIntegration.war to D:\Repo\.m2\org\simplity\examples\springIntegration\1.2.1-SNAPSHOT\springIntegration-1.2.1-SNAPSHOT.war
[INFO] Installing D:\Workspace\simplity\examples\springIntegration\pom.xml to D:\Repo\.m2\org\simplity\examples\springIntegration\1.2.1-SNAPSHOT\springIntegration-1.2.1-SNAPSHOT.pom
[INFO]                                                                         
[INFO] ------------------------------------------------------------------------
[INFO] Building ejbIntegration Maven Webapp 1.2.1-SNAPSHOT
[INFO] ------------------------------------------------------------------------
[INFO] 
[INFO] --- maven-resources-plugin:2.6:resources (default-resources) @ ejbIntegration ---
[WARNING] File encoding has not been set, using platform encoding Cp1252, i.e. build is platform dependent!
[WARNING] Using platform encoding (Cp1252 actually) to copy filtered resources, i.e. build is platform dependent!
[INFO] Copying 7 resources
[INFO] 
[INFO] --- maven-compiler-plugin:3.1:compile (default-compile) @ ejbIntegration ---
[INFO] Changes detected - recompiling the module!
[WARNING] File encoding has not been set, using platform encoding Cp1252, i.e. build is platform dependent!
[INFO] Compiling 6 source files to D:\Workspace\simplity\examples\ejbIntegration\target\classes
[INFO] 
[INFO] --- maven-resources-plugin:2.6:testResources (default-testResources) @ ejbIntegration ---
[WARNING] File encoding has not been set, using platform encoding Cp1252, i.e. build is platform dependent!
[WARNING] Using platform encoding (Cp1252 actually) to copy filtered resources, i.e. build is platform dependent!
[INFO] Copying 7 resources
[INFO] 
[INFO] --- maven-compiler-plugin:3.1:testCompile (default-testCompile) @ ejbIntegration ---
[INFO] Changes detected - recompiling the module!
[WARNING] File encoding has not been set, using platform encoding Cp1252, i.e. build is platform dependent!
[INFO] Compiling 1 source file to D:\Workspace\simplity\examples\ejbIntegration\target\test-classes
[INFO] 
[INFO] --- maven-surefire-plugin:2.12.4:test (default-test) @ ejbIntegration ---
[INFO] Surefire report directory: D:\Workspace\simplity\examples\ejbIntegration\target\surefire-reports

-------------------------------------------------------
 T E S T S
-------------------------------------------------------
Running org.simplity.examples.ejbIntegration.HelloWorldTest

Bootstrapping with /D:/Workspace/simplity/examples/ejbIntegration/target/test-classes/comp

component folder set to /D:/Workspace/simplity/examples/ejbIntegration/target/test-classes/comp/

0 java class names loaded as services.

Going to load components from /D:/Workspace/simplity/examples/ejbIntegration/target/test-classes/comp/dt/kernel.xml

10 DataType loaded.

Going to load components from /D:/Workspace/simplity/examples/ejbIntegration/target/test-classes/comp/msg/kernel.xml

20 Message loaded.

0 Function loaded.

components pre-loaded

This Application has not set dbVendor. We assume that the application does not require any db connection.

No logging framework set by application designer. All service logs will be emitted to console. (System.out)

Web Agent is given a green signal by Startup to start serving.

No login service is attached. we use a dummy login.

we cleared userId=100 with no authentication whatsoever.

Going to load components from /D:/Workspace/simplity/examples/ejbIntegration/target/test-classes/comp/msg/kernel.xml for validation

Going to load components from /D:/Workspace/simplity/examples/ejbIntegration/target/test-classes/comp/dt/kernel.xml for validation

Input Json : {}

Trying to generate service helloworld on-the-fly

Invoking service helloworld

We received input data, but this service is designed not to make use of input.

Action _a0 finished with result=Hello World! in 0 ms

helloworld responded with all OK signal

Output JSON : {"hello":"Hello World!","_messages":[]}
Tests run: 1, Failures: 0, Errors: 0, Skipped: 0, Time elapsed: 0.395 sec

Results :

Tests run: 1, Failures: 0, Errors: 0, Skipped: 0

[INFO] 
[INFO] --- maven-war-plugin:2.2:war (default-war) @ ejbIntegration ---
[INFO] Packaging webapp
[INFO] Assembling webapp [ejbIntegration] in [D:\Workspace\simplity\examples\ejbIntegration\target\ejbIntegration]
[INFO] Processing war project
[INFO] Copying webapp resources [D:\Workspace\simplity\examples\ejbIntegration\src\main\webapp]
[INFO] Webapp assembled in [661 msecs]
[INFO] Building war: D:\Workspace\simplity\examples\ejbIntegration\target\ejbIntegration.war
[INFO] WEB-INF\web.xml already added, skipping
[INFO] 
[INFO] --- maven-install-plugin:2.4:install (default-install) @ ejbIntegration ---
[INFO] Installing D:\Workspace\simplity\examples\ejbIntegration\target\ejbIntegration.war to D:\Repo\.m2\org\simplity\examples\ejbIntegration\1.2.1-SNAPSHOT\ejbIntegration-1.2.1-SNAPSHOT.war
[INFO] Installing D:\Workspace\simplity\examples\ejbIntegration\pom.xml to D:\Repo\.m2\org\simplity\examples\ejbIntegration\1.2.1-SNAPSHOT\ejbIntegration-1.2.1-SNAPSHOT.pom
[INFO]                                                                         
[INFO] ------------------------------------------------------------------------
[INFO] Building todos 1.2.1-SNAPSHOT
[INFO] ------------------------------------------------------------------------
[INFO] 
[INFO] --- maven-install-plugin:2.4:install (default-install) @ todos ---
[INFO] Installing D:\Workspace\simplity\examples\todos\pom.xml to D:\Repo\.m2\org\simplity\examples\todos\1.2.1-SNAPSHOT\todos-1.2.1-SNAPSHOT.pom
[INFO]                                                                         
[INFO] ------------------------------------------------------------------------
[INFO] Building todoService 1.2.1-SNAPSHOT
[INFO] ------------------------------------------------------------------------
[INFO] 
[INFO] --- maven-resources-plugin:3.0.2:resources (default-resources) @ todoService ---
[INFO] Using 'UTF-8' encoding to copy filtered resources.
[INFO] Copying 2 resources
[INFO] Copying 11 resources
[INFO] 
[INFO] --- maven-compiler-plugin:3.1:compile (default-compile) @ todoService ---
[INFO] Changes detected - recompiling the module!
[INFO] Compiling 3 source files to D:\Workspace\simplity\examples\todos\todoService\target\classes
[INFO] 
[INFO] --- maven-resources-plugin:3.0.2:testResources (default-testResources) @ todoService ---
[INFO] Using 'UTF-8' encoding to copy filtered resources.
[INFO] skip non existing resourceDirectory D:\Workspace\simplity\examples\todos\todoService\src\test\resources
[INFO] 
[INFO] --- maven-compiler-plugin:3.1:testCompile (default-testCompile) @ todoService ---
[INFO] Changes detected - recompiling the module!
[INFO] Compiling 1 source file to D:\Workspace\simplity\examples\todos\todoService\target\test-classes
[INFO] 
[INFO] --- maven-surefire-plugin:2.12.4:test (default-test) @ todoService ---
[INFO] Surefire report directory: D:\Workspace\simplity\examples\todos\todoService\target\surefire-reports

-------------------------------------------------------
 T E S T S
-------------------------------------------------------
Running org.simplity.examples.AppTest
Tests run: 1, Failures: 0, Errors: 0, Skipped: 0, Time elapsed: 0.011 sec

Results :

Tests run: 1, Failures: 0, Errors: 0, Skipped: 0

[INFO] 
[INFO] --- maven-jar-plugin:2.4:jar (default-jar) @ todoService ---
[INFO] Building jar: D:\Workspace\simplity\examples\todos\todoService\target\todoService-1.2.1-SNAPSHOT.jar
[INFO] 
[INFO] --- maven-shade-plugin:3.0.0:shade (default) @ todoService ---
[INFO] Including org.simplity:kernel:jar:1.2.1-SNAPSHOT in the shaded jar.
[INFO] Including xerces:xercesImpl:jar:2.11.0 in the shaded jar.
[INFO] Including xml-apis:xml-apis:jar:1.4.01 in the shaded jar.
[INFO] Including com.netflix.hystrix:hystrix-core:jar:1.0.2 in the shaded jar.
[INFO] Including com.netflix.servo:servo-core:jar:0.4.20 in the shaded jar.
[INFO] Including com.google.code.findbugs:annotations:jar:2.0.0 in the shaded jar.
[INFO] Including com.netflix.archaius:archaius-core:jar:0.4.1 in the shaded jar.
[INFO] Including commons-configuration:commons-configuration:jar:1.8 in the shaded jar.
[INFO] Including commons-lang:commons-lang:jar:2.6 in the shaded jar.
[INFO] Including com.google.code.findbugs:jsr305:jar:2.0.0 in the shaded jar.
[INFO] Including org.apache.logging.log4j:log4j-api:jar:2.7 in the shaded jar.
[INFO] Including org.apache.logging.log4j:log4j-core:jar:2.7 in the shaded jar.
[INFO] Including org.glassfish.jersey.core:jersey-server:jar:2.25.1 in the shaded jar.
[INFO] Including org.glassfish.jersey.core:jersey-common:jar:2.25.1 in the shaded jar.
[INFO] Including org.glassfish.jersey.bundles.repackaged:jersey-guava:jar:2.25.1 in the shaded jar.
[INFO] Including org.glassfish.hk2:osgi-resource-locator:jar:1.0.1 in the shaded jar.
[INFO] Including org.glassfish.jersey.core:jersey-client:jar:2.25.1 in the shaded jar.
[INFO] Including javax.ws.rs:javax.ws.rs-api:jar:2.0.1 in the shaded jar.
[INFO] Including org.glassfish.jersey.media:jersey-media-jaxb:jar:2.25.1 in the shaded jar.
[INFO] Including javax.annotation:javax.annotation-api:jar:1.2 in the shaded jar.
[INFO] Including org.glassfish.hk2:hk2-api:jar:2.5.0-b32 in the shaded jar.
[INFO] Including org.glassfish.hk2:hk2-utils:jar:2.5.0-b32 in the shaded jar.
[INFO] Including org.glassfish.hk2.external:aopalliance-repackaged:jar:2.5.0-b32 in the shaded jar.
[INFO] Including org.glassfish.hk2.external:javax.inject:jar:2.5.0-b32 in the shaded jar.
[INFO] Including org.glassfish.hk2:hk2-locator:jar:2.5.0-b32 in the shaded jar.
[INFO] Including org.javassist:javassist:jar:3.20.0-GA in the shaded jar.
[INFO] Including javax.validation:validation-api:jar:1.1.0.Final in the shaded jar.
[INFO] Including org.glassfish.jersey.containers:jersey-container-grizzly2-http:jar:2.25.1 in the shaded jar.
[INFO] Including org.glassfish.grizzly:grizzly-http-server:jar:2.3.28 in the shaded jar.
[INFO] Including org.glassfish.grizzly:grizzly-http:jar:2.3.28 in the shaded jar.
[INFO] Including org.glassfish.grizzly:grizzly-framework:jar:2.3.28 in the shaded jar.
[INFO] Including org.glassfish.jersey.media:jersey-media-json-processing:jar:2.25.1 in the shaded jar.
[INFO] Including org.glassfish:javax.json:jar:1.0.4 in the shaded jar.
[INFO] Including org.glassfish:jsonp-jaxrs:jar:1.0 in the shaded jar.
[INFO] Including javax.jms:javax.jms-api:jar:2.0.1 in the shaded jar.
[INFO] Including org.apache.activemq:activemq-core:jar:5.7.0 in the shaded jar.
[INFO] Including org.slf4j:slf4j-api:jar:1.6.6 in the shaded jar.
[INFO] Including org.apache.geronimo.specs:geronimo-jms_1.1_spec:jar:1.1.1 in the shaded jar.
[INFO] Including org.apache.activemq:kahadb:jar:5.7.0 in the shaded jar.
[INFO] Including org.apache.activemq.protobuf:activemq-protobuf:jar:1.1 in the shaded jar.
[INFO] Including org.fusesource.mqtt-client:mqtt-client:jar:1.3 in the shaded jar.
[INFO] Including org.fusesource.hawtdispatch:hawtdispatch-transport:jar:1.11 in the shaded jar.
[INFO] Including org.fusesource.hawtdispatch:hawtdispatch:jar:1.11 in the shaded jar.
[INFO] Including org.fusesource.hawtbuf:hawtbuf:jar:1.9 in the shaded jar.
[INFO] Including org.apache.geronimo.specs:geronimo-j2ee-management_1.1_spec:jar:1.0.1 in the shaded jar.
[INFO] Including org.springframework:spring-context:jar:3.0.7.RELEASE in the shaded jar.
[INFO] Including org.springframework:spring-aop:jar:3.0.7.RELEASE in the shaded jar.
[INFO] Including aopalliance:aopalliance:jar:1.0 in the shaded jar.
[INFO] Including org.springframework:spring-beans:jar:3.0.7.RELEASE in the shaded jar.
[INFO] Including org.springframework:spring-core:jar:3.0.7.RELEASE in the shaded jar.
[INFO] Including commons-logging:commons-logging:jar:1.1.1 in the shaded jar.
[INFO] Including org.springframework:spring-expression:jar:3.0.7.RELEASE in the shaded jar.
[INFO] Including org.springframework:spring-asm:jar:3.0.7.RELEASE in the shaded jar.
[INFO] Including commons-net:commons-net:jar:3.1 in the shaded jar.
[INFO] Including org.jasypt:jasypt:jar:1.9.0 in the shaded jar.
[INFO] Including javax.servlet:javax.servlet-api:jar:3.0.1 in the shaded jar.
[INFO] Including io.swagger:swagger-parser:jar:1.0.29 in the shaded jar.
[INFO] Including io.swagger:swagger-core:jar:1.5.12 in the shaded jar.
[INFO] Including org.apache.commons:commons-lang3:jar:3.2.1 in the shaded jar.
[INFO] Including com.fasterxml.jackson.core:jackson-annotations:jar:2.8.4 in the shaded jar.
[INFO] Including com.fasterxml.jackson.core:jackson-databind:jar:2.8.4 in the shaded jar.
[INFO] Including com.fasterxml.jackson.core:jackson-core:jar:2.8.4 in the shaded jar.
[INFO] Including com.fasterxml.jackson.dataformat:jackson-dataformat-yaml:jar:2.8.4 in the shaded jar.
[INFO] Including org.yaml:snakeyaml:jar:1.15 in the shaded jar.
[INFO] Including io.swagger:swagger-models:jar:1.5.12 in the shaded jar.
[INFO] Including io.swagger:swagger-annotations:jar:1.5.12 in the shaded jar.
[INFO] Including com.google.guava:guava:jar:18.0 in the shaded jar.
[INFO] Including org.slf4j:slf4j-ext:jar:1.6.3 in the shaded jar.
[INFO] Including ch.qos.cal10n:cal10n-api:jar:0.7.4 in the shaded jar.
[INFO] Including commons-io:commons-io:jar:2.4 in the shaded jar.
[WARNING] geronimo-jms_1.1_spec-1.1.1.jar, javax.jms-api-2.0.1.jar define 58 overlapping classes: 
[WARNING]   - javax.jms.QueueConnection
[WARNING]   - javax.jms.MessageNotReadableException
[WARNING]   - javax.jms.ObjectMessage
[WARNING]   - javax.jms.TopicRequestor
[WARNING]   - javax.jms.JMSException
[WARNING]   - javax.jms.InvalidSelectorException
[WARNING]   - javax.jms.Message
[WARNING]   - javax.jms.Topic
[WARNING]   - javax.jms.ServerSessionPool
[WARNING]   - javax.jms.JMSSecurityException
[WARNING]   - 48 more...
[WARNING] jsr305-2.0.0.jar, annotations-2.0.0.jar define 34 overlapping classes: 
[WARNING]   - javax.annotation.RegEx
[WARNING]   - javax.annotation.concurrent.Immutable
[WARNING]   - javax.annotation.meta.TypeQualifierDefault
[WARNING]   - javax.annotation.meta.TypeQualifier
[WARNING]   - javax.annotation.Syntax
[WARNING]   - javax.annotation.Nonnull
[WARNING]   - javax.annotation.CheckReturnValue
[WARNING]   - javax.annotation.CheckForNull
[WARNING]   - javax.annotation.meta.TypeQualifierNickname
[WARNING]   - javax.annotation.MatchesPattern
[WARNING]   - 24 more...
[WARNING] aopalliance-repackaged-2.5.0-b32.jar, aopalliance-1.0.jar define 9 overlapping classes: 
[WARNING]   - org.aopalliance.intercept.ConstructorInterceptor
[WARNING]   - org.aopalliance.intercept.MethodInvocation
[WARNING]   - org.aopalliance.intercept.MethodInterceptor
[WARNING]   - org.aopalliance.intercept.Invocation
[WARNING]   - org.aopalliance.aop.AspectException
[WARNING]   - org.aopalliance.intercept.Interceptor
[WARNING]   - org.aopalliance.intercept.Joinpoint
[WARNING]   - org.aopalliance.aop.Advice
[WARNING]   - org.aopalliance.intercept.ConstructorInvocation
[WARNING] activemq-core-5.7.0.jar, activemq-protobuf-1.1.jar define 56 overlapping classes: 
[WARNING]   - org.apache.activemq.protobuf.compiler.parser.ProtoParser$JJCalls
[WARNING]   - org.apache.activemq.protobuf.DeferredDecodeMessage
[WARNING]   - org.apache.activemq.protobuf.compiler.ProtoDescriptor
[WARNING]   - org.apache.activemq.protobuf.BufferOutputStream
[WARNING]   - org.apache.activemq.protobuf.compiler.MessageDescriptor
[WARNING]   - org.apache.activemq.protobuf.compiler.ParserSupport
[WARNING]   - org.apache.activemq.protobuf.compiler.TextFormat$ParseException
[WARNING]   - org.apache.activemq.protobuf.BufferInputStream
[WARNING]   - org.apache.activemq.protobuf.compiler.ProtoMojo$1
[WARNING]   - org.apache.activemq.protobuf.MessageBufferSupport
[WARNING]   - 46 more...
[WARNING] maven-shade-plugin has detected that some class files are
[WARNING] present in two or more JARs. When this happens, only one
[WARNING] single version of the class is copied to the uber jar.
[WARNING] Usually this is not harmful and you can skip these warnings,
[WARNING] otherwise try to manually exclude artifacts based on
[WARNING] mvn dependency:tree -Ddetail=true and the above output.
[WARNING] See http://maven.apache.org/plugins/maven-shade-plugin/
[INFO] Replacing original artifact with shaded artifact.
[INFO] Replacing D:\Workspace\simplity\examples\todos\todoService\target\todoService-1.2.1-SNAPSHOT.jar with D:\Workspace\simplity\examples\todos\todoService\target\todoService-1.2.1-SNAPSHOT-shaded.jar
[INFO] Dependency-reduced POM written at: D:\Workspace\simplity\examples\todos\todoService\dependency-reduced-pom.xml
[INFO] 
[INFO] --- maven-install-plugin:2.4:install (default-install) @ todoService ---
[INFO] Installing D:\Workspace\simplity\examples\todos\todoService\target\todoService-1.2.1-SNAPSHOT.jar to D:\Repo\.m2\org\simplity\examples\todoService\1.2.1-SNAPSHOT\todoService-1.2.1-SNAPSHOT.jar
[INFO] Installing D:\Workspace\simplity\examples\todos\todoService\dependency-reduced-pom.xml to D:\Repo\.m2\org\simplity\examples\todoService\1.2.1-SNAPSHOT\todoService-1.2.1-SNAPSHOT.pom
[INFO] 
[INFO] --- maven-resources-plugin:3.0.2:copy-resources (copy-resources) @ todoService ---
[INFO] Using 'UTF-8' encoding to copy filtered resources.
[INFO] Copying 9 resources
[INFO]                                                                         
[INFO] ------------------------------------------------------------------------
[INFO] Building todoViewService 1.2.1-SNAPSHOT
[INFO] ------------------------------------------------------------------------
[INFO] 
[INFO] --- maven-resources-plugin:3.0.2:resources (default-resources) @ todoViewService ---
[INFO] Using 'UTF-8' encoding to copy filtered resources.
[INFO] Copying 3 resources
[INFO] 
[INFO] --- maven-compiler-plugin:3.1:compile (default-compile) @ todoViewService ---
[INFO] Changes detected - recompiling the module!
[INFO] Compiling 5 source files to D:\Workspace\simplity\examples\todos\todoViewService\target\classes
[INFO] 
[INFO] --- maven-resources-plugin:3.0.2:testResources (default-testResources) @ todoViewService ---
[INFO] Using 'UTF-8' encoding to copy filtered resources.
[INFO] skip non existing resourceDirectory D:\Workspace\simplity\examples\todos\todoViewService\src\test\resources
[INFO] 
[INFO] --- maven-compiler-plugin:3.1:testCompile (default-testCompile) @ todoViewService ---
[INFO] No sources to compile
[INFO] 
[INFO] --- maven-surefire-plugin:2.12.4:test (default-test) @ todoViewService ---
[INFO] No tests to run.
[INFO] 
[INFO] --- maven-jar-plugin:2.4:jar (default-jar) @ todoViewService ---
[INFO] Building jar: D:\Workspace\simplity\examples\todos\todoViewService\target\todoViewService-1.2.1-SNAPSHOT.jar
[INFO] 
[INFO] --- maven-shade-plugin:3.0.0:shade (default) @ todoViewService ---
[INFO] Including org.glassfish.jersey.core:jersey-server:jar:2.25.1 in the shaded jar.
[INFO] Including org.glassfish.jersey.core:jersey-common:jar:2.25.1 in the shaded jar.
[INFO] Including org.glassfish.jersey.bundles.repackaged:jersey-guava:jar:2.25.1 in the shaded jar.
[INFO] Including org.glassfish.hk2:osgi-resource-locator:jar:1.0.1 in the shaded jar.
[INFO] Including org.glassfish.jersey.core:jersey-client:jar:2.25.1 in the shaded jar.
[INFO] Including javax.ws.rs:javax.ws.rs-api:jar:2.0.1 in the shaded jar.
[INFO] Including org.glassfish.jersey.media:jersey-media-jaxb:jar:2.25.1 in the shaded jar.
[INFO] Including javax.annotation:javax.annotation-api:jar:1.2 in the shaded jar.
[INFO] Including org.glassfish.hk2:hk2-api:jar:2.5.0-b32 in the shaded jar.
[INFO] Including org.glassfish.hk2:hk2-utils:jar:2.5.0-b32 in the shaded jar.
[INFO] Including org.glassfish.hk2.external:aopalliance-repackaged:jar:2.5.0-b32 in the shaded jar.
[INFO] Including org.glassfish.hk2.external:javax.inject:jar:2.5.0-b32 in the shaded jar.
[INFO] Including org.glassfish.hk2:hk2-locator:jar:2.5.0-b32 in the shaded jar.
[INFO] Including org.javassist:javassist:jar:3.20.0-GA in the shaded jar.
[INFO] Including javax.validation:validation-api:jar:1.1.0.Final in the shaded jar.
[INFO] Including org.glassfish.jersey.containers:jersey-container-grizzly2-http:jar:2.25.1 in the shaded jar.
[INFO] Including org.glassfish.grizzly:grizzly-http-server:jar:2.3.28 in the shaded jar.
[INFO] Including org.glassfish.grizzly:grizzly-http:jar:2.3.28 in the shaded jar.
[INFO] Including org.glassfish.grizzly:grizzly-framework:jar:2.3.28 in the shaded jar.
[INFO] Including org.glassfish.jersey.media:jersey-media-json-processing:jar:2.25.1 in the shaded jar.
[INFO] Including org.glassfish:javax.json:jar:1.0.4 in the shaded jar.
[INFO] Including org.glassfish:jsonp-jaxrs:jar:1.0 in the shaded jar.
[INFO] Including org.simplity:kernel:jar:1.2.1-SNAPSHOT in the shaded jar.
[INFO] Including xerces:xercesImpl:jar:2.11.0 in the shaded jar.
[INFO] Including xml-apis:xml-apis:jar:1.4.01 in the shaded jar.
[INFO] Including com.netflix.hystrix:hystrix-core:jar:1.0.2 in the shaded jar.
[INFO] Including com.netflix.servo:servo-core:jar:0.4.20 in the shaded jar.
[INFO] Including com.google.code.findbugs:annotations:jar:2.0.0 in the shaded jar.
[INFO] Including com.netflix.archaius:archaius-core:jar:0.4.1 in the shaded jar.
[INFO] Including commons-configuration:commons-configuration:jar:1.8 in the shaded jar.
[INFO] Including commons-lang:commons-lang:jar:2.6 in the shaded jar.
[INFO] Including com.google.code.findbugs:jsr305:jar:2.0.0 in the shaded jar.
[INFO] Including org.apache.logging.log4j:log4j-api:jar:2.7 in the shaded jar.
[INFO] Including org.apache.logging.log4j:log4j-core:jar:2.7 in the shaded jar.
[INFO] Including javax.jms:javax.jms-api:jar:2.0.1 in the shaded jar.
[INFO] Including org.apache.activemq:activemq-core:jar:5.7.0 in the shaded jar.
[INFO] Including org.slf4j:slf4j-api:jar:1.6.6 in the shaded jar.
[INFO] Including org.apache.geronimo.specs:geronimo-jms_1.1_spec:jar:1.1.1 in the shaded jar.
[INFO] Including org.apache.activemq:kahadb:jar:5.7.0 in the shaded jar.
[INFO] Including org.apache.activemq.protobuf:activemq-protobuf:jar:1.1 in the shaded jar.
[INFO] Including org.fusesource.mqtt-client:mqtt-client:jar:1.3 in the shaded jar.
[INFO] Including org.fusesource.hawtdispatch:hawtdispatch-transport:jar:1.11 in the shaded jar.
[INFO] Including org.fusesource.hawtdispatch:hawtdispatch:jar:1.11 in the shaded jar.
[INFO] Including org.fusesource.hawtbuf:hawtbuf:jar:1.9 in the shaded jar.
[INFO] Including org.apache.geronimo.specs:geronimo-j2ee-management_1.1_spec:jar:1.0.1 in the shaded jar.
[INFO] Including org.springframework:spring-context:jar:3.0.7.RELEASE in the shaded jar.
[INFO] Including org.springframework:spring-aop:jar:3.0.7.RELEASE in the shaded jar.
[INFO] Including aopalliance:aopalliance:jar:1.0 in the shaded jar.
[INFO] Including org.springframework:spring-beans:jar:3.0.7.RELEASE in the shaded jar.
[INFO] Including org.springframework:spring-core:jar:3.0.7.RELEASE in the shaded jar.
[INFO] Including commons-logging:commons-logging:jar:1.1.1 in the shaded jar.
[INFO] Including org.springframework:spring-expression:jar:3.0.7.RELEASE in the shaded jar.
[INFO] Including org.springframework:spring-asm:jar:3.0.7.RELEASE in the shaded jar.
[INFO] Including commons-net:commons-net:jar:3.1 in the shaded jar.
[INFO] Including org.jasypt:jasypt:jar:1.9.0 in the shaded jar.
[INFO] Including javax.servlet:javax.servlet-api:jar:3.0.1 in the shaded jar.
[INFO] Including com.h2database:h2:jar:1.3.166 in the shaded jar.
[INFO] Including com.whalin:Memcached-Java-Client:jar:3.0.2 in the shaded jar.
[INFO] Including commons-pool:commons-pool:jar:1.5.6 in the shaded jar.
[INFO] Including org.apache.commons:commons-pool2:jar:2.4.2 in the shaded jar.
[INFO] Including io.swagger:swagger-parser:jar:1.0.29 in the shaded jar.
[INFO] Including io.swagger:swagger-core:jar:1.5.12 in the shaded jar.
[INFO] Including org.apache.commons:commons-lang3:jar:3.2.1 in the shaded jar.
[INFO] Including com.fasterxml.jackson.core:jackson-annotations:jar:2.8.4 in the shaded jar.
[INFO] Including com.fasterxml.jackson.core:jackson-databind:jar:2.8.4 in the shaded jar.
[INFO] Including com.fasterxml.jackson.core:jackson-core:jar:2.8.4 in the shaded jar.
[INFO] Including com.fasterxml.jackson.dataformat:jackson-dataformat-yaml:jar:2.8.4 in the shaded jar.
[INFO] Including org.yaml:snakeyaml:jar:1.15 in the shaded jar.
[INFO] Including io.swagger:swagger-models:jar:1.5.12 in the shaded jar.
[INFO] Including io.swagger:swagger-annotations:jar:1.5.12 in the shaded jar.
[INFO] Including com.google.guava:guava:jar:18.0 in the shaded jar.
[INFO] Including org.slf4j:slf4j-ext:jar:1.6.3 in the shaded jar.
[INFO] Including ch.qos.cal10n:cal10n-api:jar:0.7.4 in the shaded jar.
[INFO] Including commons-io:commons-io:jar:2.4 in the shaded jar.
[WARNING] geronimo-jms_1.1_spec-1.1.1.jar, javax.jms-api-2.0.1.jar define 58 overlapping classes: 
[WARNING]   - javax.jms.QueueConnection
[WARNING]   - javax.jms.MessageNotReadableException
[WARNING]   - javax.jms.ObjectMessage
[WARNING]   - javax.jms.TopicRequestor
[WARNING]   - javax.jms.JMSException
[WARNING]   - javax.jms.InvalidSelectorException
[WARNING]   - javax.jms.Message
[WARNING]   - javax.jms.Topic
[WARNING]   - javax.jms.ServerSessionPool
[WARNING]   - javax.jms.JMSSecurityException
[WARNING]   - 48 more...
[WARNING] jsr305-2.0.0.jar, annotations-2.0.0.jar define 34 overlapping classes: 
[WARNING]   - javax.annotation.RegEx
[WARNING]   - javax.annotation.concurrent.Immutable
[WARNING]   - javax.annotation.meta.TypeQualifierDefault
[WARNING]   - javax.annotation.meta.TypeQualifier
[WARNING]   - javax.annotation.Syntax
[WARNING]   - javax.annotation.Nonnull
[WARNING]   - javax.annotation.CheckReturnValue
[WARNING]   - javax.annotation.CheckForNull
[WARNING]   - javax.annotation.meta.TypeQualifierNickname
[WARNING]   - javax.annotation.MatchesPattern
[WARNING]   - 24 more...
[WARNING] aopalliance-repackaged-2.5.0-b32.jar, aopalliance-1.0.jar define 9 overlapping classes: 
[WARNING]   - org.aopalliance.intercept.ConstructorInterceptor
[WARNING]   - org.aopalliance.intercept.MethodInvocation
[WARNING]   - org.aopalliance.intercept.MethodInterceptor
[WARNING]   - org.aopalliance.intercept.Invocation
[WARNING]   - org.aopalliance.aop.AspectException
[WARNING]   - org.aopalliance.intercept.Interceptor
[WARNING]   - org.aopalliance.intercept.Joinpoint
[WARNING]   - org.aopalliance.aop.Advice
[WARNING]   - org.aopalliance.intercept.ConstructorInvocation
[WARNING] activemq-core-5.7.0.jar, activemq-protobuf-1.1.jar define 56 overlapping classes: 
[WARNING]   - org.apache.activemq.protobuf.compiler.parser.ProtoParser$JJCalls
[WARNING]   - org.apache.activemq.protobuf.DeferredDecodeMessage
[WARNING]   - org.apache.activemq.protobuf.compiler.ProtoDescriptor
[WARNING]   - org.apache.activemq.protobuf.BufferOutputStream
[WARNING]   - org.apache.activemq.protobuf.compiler.MessageDescriptor
[WARNING]   - org.apache.activemq.protobuf.compiler.ParserSupport
[WARNING]   - org.apache.activemq.protobuf.compiler.TextFormat$ParseException
[WARNING]   - org.apache.activemq.protobuf.BufferInputStream
[WARNING]   - org.apache.activemq.protobuf.compiler.ProtoMojo$1
[WARNING]   - org.apache.activemq.protobuf.MessageBufferSupport
[WARNING]   - 46 more...
[WARNING] maven-shade-plugin has detected that some class files are
[WARNING] present in two or more JARs. When this happens, only one
[WARNING] single version of the class is copied to the uber jar.
[WARNING] Usually this is not harmful and you can skip these warnings,
[WARNING] otherwise try to manually exclude artifacts based on
[WARNING] mvn dependency:tree -Ddetail=true and the above output.
[WARNING] See http://maven.apache.org/plugins/maven-shade-plugin/
[INFO] Replacing original artifact with shaded artifact.
[INFO] Replacing D:\Workspace\simplity\examples\todos\todoViewService\target\todoViewService-1.2.1-SNAPSHOT.jar with D:\Workspace\simplity\examples\todos\todoViewService\target\todoViewService-1.2.1-SNAPSHOT-shaded.jar
[INFO] Dependency-reduced POM written at: D:\Workspace\simplity\examples\todos\todoViewService\dependency-reduced-pom.xml
[INFO] 
[INFO] --- maven-install-plugin:2.4:install (default-install) @ todoViewService ---
[INFO] Installing D:\Workspace\simplity\examples\todos\todoViewService\target\todoViewService-1.2.1-SNAPSHOT.jar to D:\Repo\.m2\org\simplity\examples\todoViewService\1.2.1-SNAPSHOT\todoViewService-1.2.1-SNAPSHOT.jar
[INFO] Installing D:\Workspace\simplity\examples\todos\todoViewService\dependency-reduced-pom.xml to D:\Repo\.m2\org\simplity\examples\todoViewService\1.2.1-SNAPSHOT\todoViewService-1.2.1-SNAPSHOT.pom
[INFO] 
[INFO] --- maven-resources-plugin:3.0.2:copy-resources (copy-resources) @ todoViewService ---
[INFO] Using 'UTF-8' encoding to copy filtered resources.
[INFO] Copying 11 resources
[INFO] 
[INFO] --- sql-maven-plugin:1.5:execute (create-db) @ todoViewService ---
[INFO] Executing file: C:\Users\chetana_shanbhag\AppData\Local\Temp\todos.1667252605sql
[INFO] 2 of 2 SQL statements executed successfully
[INFO]                                                                         
[INFO] ------------------------------------------------------------------------
[INFO] Building todosUI Maven Webapp 1.2.1-SNAPSHOT
[INFO] ------------------------------------------------------------------------
Downloading: http://infynexus/nexus/content/groups/ReuseGroup/org/simplity/utils/test/1.2-SNAPSHOT/maven-metadata.xml
Downloading: http://infynexus/nexus/content/groups/ReuseGroup/org/simplity/utils/utils/1.2-SNAPSHOT/maven-metadata.xml
Downloading: http://infynexus/nexus/content/groups/ReuseGroup/org/simplity/kernel/1.2-SNAPSHOT/maven-metadata.xml
Downloading: http://infynexus/nexus/content/groups/ReuseGroup/org/simplity/simplity/1.2-SNAPSHOT/maven-metadata.xml
[INFO] 
[INFO] --- maven-resources-plugin:3.0.2:resources (default-resources) @ todosUI ---
[WARNING] File encoding has not been set, using platform encoding Cp1252, i.e. build is platform dependent!
[WARNING] Using platform encoding (Cp1252 actually) to copy filtered resources, i.e. build is platform dependent!
[INFO] Copying 17 resources
[INFO] Copying 22 resources
[INFO] 
[INFO] --- maven-compiler-plugin:3.1:compile (default-compile) @ todosUI ---
[INFO] Changes detected - recompiling the module!
[WARNING] File encoding has not been set, using platform encoding Cp1252, i.e. build is platform dependent!
[INFO] Compiling 1 source file to D:\Workspace\simplity\examples\todos\todosUI\target\classes
[INFO] 
[INFO] --- maven-resources-plugin:3.0.2:testResources (default-testResources) @ todosUI ---
[WARNING] Using platform encoding (Cp1252 actually) to copy filtered resources, i.e. build is platform dependent!
[INFO] skip non existing resourceDirectory D:\Workspace\simplity\examples\todos\todosUI\src\test\resources
[INFO] 
[INFO] --- maven-compiler-plugin:3.1:testCompile (default-testCompile) @ todosUI ---
[INFO] Changes detected - recompiling the module!
[WARNING] File encoding has not been set, using platform encoding Cp1252, i.e. build is platform dependent!
[INFO] Compiling 1 source file to D:\Workspace\simplity\examples\todos\todosUI\target\test-classes
[INFO] 
[INFO] --- maven-surefire-plugin:2.12.4:test (default-test) @ todosUI ---
[INFO] Surefire report directory: D:\Workspace\simplity\examples\todos\todosUI\target\surefire-reports

-------------------------------------------------------
 T E S T S
-------------------------------------------------------
Running org.simplity.examples.HelloWorldTest

Bootstrapping with /D:/Workspace/simplity/examples/todos/todosUI/target/classes/comp

component folder set to /D:/Workspace/simplity/examples/todos/todosUI/target/classes/comp/

0 java class names loaded as services.

Going to load components from /D:/Workspace/simplity/examples/todos/todosUI/target/classes/comp/dt/kernel.xml

10 DataType loaded.

Going to load components from /D:/Workspace/simplity/examples/todos/todosUI/target/classes/comp/msg/kernel.xml

21 Message loaded.

0 Function loaded.

components pre-loaded

This Application has not set dbVendor. We assume that the application does not require any db connection.

Logging framework is set to LOG4J. Will try to locate the right class and connect to it.
2017-06-19 10:06:56,887 INFO  [main] kernel.Log4JWorker (ServiceLogger.java:209) - 
Service logs successfully diverted to the logging framework LOG4J

2017-06-19 10:06:56,914 INFO  [main] kernel.Log4JWorker (ServiceLogger.java:209) - 
Web Agent is given a green signal by Startup to start serving.
2017-06-19 10:06:56,917 INFO  [main] kernel.Log4JWorker (ServiceLogger.java:209) - 
No login service is attached. we use a dummy login.
2017-06-19 10:06:56,918 INFO  [main] kernel.Log4JWorker (ServiceLogger.java:209) - 
we cleared userId=100 with no authentication whatsoever.
2017-06-19 10:06:56,928 INFO  [main] kernel.Log4JWorker (ServiceLogger.java:209) - 
Going to load components from /D:/Workspace/simplity/examples/todos/todosUI/target/classes/comp/msg/kernel.xml for validation
2017-06-19 10:06:56,945 INFO  [main] kernel.Log4JWorker (ServiceLogger.java:209) - 
Going to load components from /D:/Workspace/simplity/examples/todos/todosUI/target/classes/comp/dt/kernel.xml for validation
2017-06-19 10:06:56,988 INFO  [main] kernel.Log4JWorker (ServiceLogger.java:209) - 
Input Json : {}
2017-06-19 10:06:56,988 INFO  [main] kernel.Log4JWorker (ServiceLogger.java:209) - 
Trying to generate service helloworld on-the-fly
2017-06-19 10:06:56,991 INFO  [main] kernel.Log4JWorker (ServiceLogger.java:209) - 
Invoking service helloworld
2017-06-19 10:06:56,994 INFO  [main] kernel.Log4JWorker (ServiceLogger.java:209) - 
We received input data, but this service is designed not to make use of input.
2017-06-19 10:06:56,996 INFO  [main] kernel.Log4JWorker (ServiceLogger.java:209) - 
Action _a0 finished with result=Hello World! in 0 ms
2017-06-19 10:06:57,015 INFO  [main] kernel.Log4JWorker (ServiceLogger.java:209) - 
helloworld responded with all OK signal
2017-06-19 10:06:57,015 INFO  [main] kernel.Log4JWorker (ServiceLogger.java:209) - 

2017-06-19 10:06:57,017 INFO  [main] kernel.Log4JWorker (ServiceLogger.java:209) - 
Output JSON : {"hello":"Hello World!","_messages":[]}
2017-06-19 10:06:57,019 INFO  [main] kernel.Log4JWorker (ServiceLogger.java:209) - 
Input Json : {}
2017-06-19 10:06:57,019 INFO  [main] kernel.Log4JWorker (ServiceLogger.java:209) - 
Trying to generate service helloworld on-the-fly
2017-06-19 10:06:57,022 INFO  [main] kernel.Log4JWorker (ServiceLogger.java:209) - 
Invoking service helloworld
2017-06-19 10:06:57,022 INFO  [main] kernel.Log4JWorker (ServiceLogger.java:209) - 
We received input data, but this service is designed not to make use of input.
2017-06-19 10:06:57,022 INFO  [main] kernel.Log4JWorker (ServiceLogger.java:209) - 
Action _a0 finished with result=Hello World! in 0 ms
2017-06-19 10:06:57,023 INFO  [main] kernel.Log4JWorker (ServiceLogger.java:209) - 
helloworld responded with all OK signal
2017-06-19 10:06:57,023 INFO  [main] kernel.Log4JWorker (ServiceLogger.java:209) - 

2017-06-19 10:06:57,024 INFO  [main] kernel.Log4JWorker (ServiceLogger.java:209) - 
Output JSON : {"hello":"Hello World!","_messages":[]}
Tests run: 1, Failures: 0, Errors: 0, Skipped: 0, Time elapsed: 1.043 sec

Results :

Tests run: 1, Failures: 0, Errors: 0, Skipped: 0

[INFO] 
[INFO] --- maven-jar-plugin:2.4:jar (default-jar) @ todosUI ---
[INFO] Building jar: D:\Workspace\simplity\examples\todos\todosUI\target\todosUI.jar
[INFO] 
[INFO] --- maven-shade-plugin:3.0.0:shade (default) @ todosUI ---
[INFO] Including org.apache.logging.log4j:log4j-api:jar:2.7 in the shaded jar.
[INFO] Including org.apache.logging.log4j:log4j-core:jar:2.7 in the shaded jar.
[INFO] Including org.simplity:kernel:jar:1.2-SNAPSHOT in the shaded jar.
[INFO] Including xerces:xercesImpl:jar:2.11.0 in the shaded jar.
[INFO] Including xml-apis:xml-apis:jar:1.4.01 in the shaded jar.
[INFO] Including org.eclipse.jetty:jetty-server:jar:9.4.0.v20161208 in the shaded jar.
[INFO] Including javax.servlet:javax.servlet-api:jar:3.1.0 in the shaded jar.
[INFO] Including org.eclipse.jetty:jetty-http:jar:9.4.0.v20161208 in the shaded jar.
[INFO] Including org.eclipse.jetty:jetty-util:jar:9.4.0.v20161208 in the shaded jar.
[INFO] Including org.eclipse.jetty:jetty-io:jar:9.4.0.v20161208 in the shaded jar.
[INFO] Including org.eclipse.jetty:jetty-servlet:jar:9.4.0.v20161208 in the shaded jar.
[INFO] Including org.eclipse.jetty:jetty-security:jar:9.4.0.v20161208 in the shaded jar.
[INFO] Including org.eclipse.jetty:jetty-webapp:jar:9.4.0.v20161208 in the shaded jar.
[INFO] Including org.eclipse.jetty:jetty-xml:jar:9.4.0.v20161208 in the shaded jar.
[INFO] Replacing original artifact with shaded artifact.
[INFO] Replacing D:\Workspace\simplity\examples\todos\todosUI\target\todosUI.jar with D:\Workspace\simplity\examples\todos\todosUI\target\todosUI-1.2.1-SNAPSHOT-shaded.jar
[INFO] Dependency-reduced POM written at: D:\Workspace\simplity\examples\todos\todosUI\dependency-reduced-pom.xml
[INFO] 
[INFO] --- maven-install-plugin:2.4:install (default-install) @ todosUI ---
[INFO] Installing D:\Workspace\simplity\examples\todos\todosUI\target\todosUI.jar to D:\Repo\.m2\org\simplity\examples\todosUI\1.2.1-SNAPSHOT\todosUI-1.2.1-SNAPSHOT.jar
[INFO] Installing D:\Workspace\simplity\examples\todos\todosUI\dependency-reduced-pom.xml to D:\Repo\.m2\org\simplity\examples\todosUI\1.2.1-SNAPSHOT\todosUI-1.2.1-SNAPSHOT.pom
[INFO] 
[INFO] --- maven-resources-plugin:3.0.2:copy-resources (copy-resources) @ todosUI ---
[WARNING] File encoding has not been set, using platform encoding Cp1252, i.e. build is platform dependent!
[WARNING] Using platform encoding (Cp1252 actually) to copy filtered resources, i.e. build is platform dependent!
[INFO] Copying 5 resources
[INFO]                                                                         
[INFO] ------------------------------------------------------------------------
[INFO] Building activeMQ 1.2.1-SNAPSHOT
[INFO] ------------------------------------------------------------------------
[INFO] 
[INFO] --- maven-resources-plugin:2.6:resources (default-resources) @ activeMQ ---
[INFO] Using 'UTF-8' encoding to copy filtered resources.
[INFO] skip non existing resourceDirectory D:\Workspace\simplity\examples\todos\activeMQ\src\main\resources
[INFO] 
[INFO] --- maven-compiler-plugin:3.1:compile (default-compile) @ activeMQ ---
[INFO] Changes detected - recompiling the module!
[INFO] Compiling 1 source file to D:\Workspace\simplity\examples\todos\activeMQ\target\classes
[INFO] 
[INFO] --- maven-resources-plugin:2.6:testResources (default-testResources) @ activeMQ ---
[INFO] Using 'UTF-8' encoding to copy filtered resources.
[INFO] skip non existing resourceDirectory D:\Workspace\simplity\examples\todos\activeMQ\src\test\resources
[INFO] 
[INFO] --- maven-compiler-plugin:3.1:testCompile (default-testCompile) @ activeMQ ---
[INFO] No sources to compile
[INFO] 
[INFO] --- maven-surefire-plugin:2.12.4:test (default-test) @ activeMQ ---
[INFO] No tests to run.
[INFO] 
[INFO] --- maven-jar-plugin:2.4:jar (default-jar) @ activeMQ ---
[INFO] Building jar: D:\Workspace\simplity\examples\todos\activeMQ\target\activeMQ-1.2.1-SNAPSHOT.jar
[INFO] 
[INFO] --- maven-install-plugin:2.4:install (default-install) @ activeMQ ---
[INFO] Installing D:\Workspace\simplity\examples\todos\activeMQ\target\activeMQ-1.2.1-SNAPSHOT.jar to D:\Repo\.m2\org\simplity\examples\activeMQ\1.2.1-SNAPSHOT\activeMQ-1.2.1-SNAPSHOT.jar
[INFO] Installing D:\Workspace\simplity\examples\todos\activeMQ\pom.xml to D:\Repo\.m2\org\simplity\examples\activeMQ\1.2.1-SNAPSHOT\activeMQ-1.2.1-SNAPSHOT.pom
[INFO]                                                                         
[INFO] ------------------------------------------------------------------------
[INFO] Building troubleTicketDemo 1.2.1-SNAPSHOT
[INFO] ------------------------------------------------------------------------
[INFO] 
[INFO] --- maven-install-plugin:2.4:install (default-install) @ troubleTicketDemo ---
[INFO] Installing D:\Workspace\simplity\examples\troubleTicketDemo\pom.xml to D:\Repo\.m2\org\simplity\examples\troubleTicketDemo\troubleTicketDemo\1.2.1-SNAPSHOT\troubleTicketDemo-1.2.1-SNAPSHOT.pom
[INFO]                                                                         
[INFO] ------------------------------------------------------------------------
[INFO] Building troubleTicketAPI 1.2.1-SNAPSHOT
[INFO] ------------------------------------------------------------------------
[INFO] 
[INFO] --- maven-install-plugin:2.4:install (default-install) @ troubleTicketAPI ---
[INFO] Installing D:\Workspace\simplity\examples\troubleTicketDemo\troubleTicketAPI\pom.xml to D:\Repo\.m2\org\simplity\examples\troubleTicketDemo\troubleTicketAPI\1.2.1-SNAPSHOT\troubleTicketAPI-1.2.1-SNAPSHOT.pom
[INFO]                                                                         
[INFO] ------------------------------------------------------------------------
[INFO] Building troubleTicketService 1.2.1-SNAPSHOT
[INFO] ------------------------------------------------------------------------
[INFO] 
[INFO] --- maven-resources-plugin:3.0.2:resources (default-resources) @ troubleTicketService ---
[INFO] Using 'UTF-8' encoding to copy filtered resources.
[INFO] Copying 26 resources
[INFO] 
[INFO] --- maven-compiler-plugin:3.1:compile (default-compile) @ troubleTicketService ---
[INFO] Nothing to compile - all classes are up to date
[INFO] 
[INFO] --- maven-resources-plugin:3.0.2:testResources (default-testResources) @ troubleTicketService ---
[INFO] Using 'UTF-8' encoding to copy filtered resources.
[INFO] skip non existing resourceDirectory D:\Workspace\simplity\examples\troubleTicketDemo\troubleTicketAPI\troubleTicketService\src\test\resources
[INFO] 
[INFO] --- maven-compiler-plugin:3.1:testCompile (default-testCompile) @ troubleTicketService ---
[INFO] Nothing to compile - all classes are up to date
[INFO] 
[INFO] --- maven-surefire-plugin:2.12.4:test (default-test) @ troubleTicketService ---
[INFO] 
[INFO] --- maven-jar-plugin:2.4:jar (default-jar) @ troubleTicketService ---
[INFO] Building jar: D:\Workspace\simplity\examples\troubleTicketDemo\troubleTicketAPI\troubleTicketService\target\troubleTicketService-1.2.1-SNAPSHOT.jar
[INFO] 
[INFO] --- maven-shade-plugin:3.0.0:shade (default) @ troubleTicketService ---
[INFO] Including javax.servlet:javax.servlet-api:jar:3.0.1 in the shaded jar.
[INFO] Including org.glassfish.jersey.core:jersey-server:jar:2.25.1 in the shaded jar.
[INFO] Including org.glassfish.jersey.core:jersey-common:jar:2.25.1 in the shaded jar.
[INFO] Including org.glassfish.jersey.bundles.repackaged:jersey-guava:jar:2.25.1 in the shaded jar.
[INFO] Including org.glassfish.hk2:osgi-resource-locator:jar:1.0.1 in the shaded jar.
[INFO] Including org.glassfish.jersey.core:jersey-client:jar:2.25.1 in the shaded jar.
[INFO] Including javax.ws.rs:javax.ws.rs-api:jar:2.0.1 in the shaded jar.
[INFO] Including org.glassfish.jersey.media:jersey-media-jaxb:jar:2.25.1 in the shaded jar.
[INFO] Including javax.annotation:javax.annotation-api:jar:1.2 in the shaded jar.
[INFO] Including org.glassfish.hk2:hk2-api:jar:2.5.0-b32 in the shaded jar.
[INFO] Including org.glassfish.hk2:hk2-utils:jar:2.5.0-b32 in the shaded jar.
[INFO] Including org.glassfish.hk2.external:aopalliance-repackaged:jar:2.5.0-b32 in the shaded jar.
[INFO] Including org.glassfish.hk2.external:javax.inject:jar:2.5.0-b32 in the shaded jar.
[INFO] Including org.glassfish.hk2:hk2-locator:jar:2.5.0-b32 in the shaded jar.
[INFO] Including org.javassist:javassist:jar:3.20.0-GA in the shaded jar.
[INFO] Including javax.validation:validation-api:jar:1.1.0.Final in the shaded jar.
[INFO] Including org.glassfish.jersey.containers:jersey-container-grizzly2-http:jar:2.25.1 in the shaded jar.
[INFO] Including org.glassfish.grizzly:grizzly-http-server:jar:2.3.28 in the shaded jar.
[INFO] Including org.glassfish.grizzly:grizzly-http:jar:2.3.28 in the shaded jar.
[INFO] Including org.glassfish.grizzly:grizzly-framework:jar:2.3.28 in the shaded jar.
[INFO] Including org.glassfish.jersey.media:jersey-media-json-processing:jar:2.25.1 in the shaded jar.
[INFO] Including org.glassfish:javax.json:jar:1.0.4 in the shaded jar.
[INFO] Including org.glassfish:jsonp-jaxrs:jar:1.0 in the shaded jar.
[INFO] Including org.simplity:kernel:jar:1.2.1-SNAPSHOT in the shaded jar.
[INFO] Including xerces:xercesImpl:jar:2.11.0 in the shaded jar.
[INFO] Including xml-apis:xml-apis:jar:1.4.01 in the shaded jar.
[INFO] Including com.netflix.hystrix:hystrix-core:jar:1.0.2 in the shaded jar.
[INFO] Including com.netflix.servo:servo-core:jar:0.4.20 in the shaded jar.
[INFO] Including com.google.code.findbugs:annotations:jar:2.0.0 in the shaded jar.
[INFO] Including com.netflix.archaius:archaius-core:jar:0.4.1 in the shaded jar.
[INFO] Including commons-configuration:commons-configuration:jar:1.8 in the shaded jar.
[INFO] Including commons-lang:commons-lang:jar:2.6 in the shaded jar.
[INFO] Including com.google.code.findbugs:jsr305:jar:2.0.0 in the shaded jar.
[INFO] Including org.apache.logging.log4j:log4j-api:jar:2.7 in the shaded jar.
[INFO] Including org.apache.logging.log4j:log4j-core:jar:2.7 in the shaded jar.
[INFO] Including javax.jms:javax.jms-api:jar:2.0.1 in the shaded jar.
[INFO] Including org.apache.activemq:activemq-core:jar:5.7.0 in the shaded jar.
[INFO] Including org.slf4j:slf4j-api:jar:1.6.6 in the shaded jar.
[INFO] Including org.apache.geronimo.specs:geronimo-jms_1.1_spec:jar:1.1.1 in the shaded jar.
[INFO] Including org.apache.activemq:kahadb:jar:5.7.0 in the shaded jar.
[INFO] Including org.apache.activemq.protobuf:activemq-protobuf:jar:1.1 in the shaded jar.
[INFO] Including org.fusesource.mqtt-client:mqtt-client:jar:1.3 in the shaded jar.
[INFO] Including org.fusesource.hawtdispatch:hawtdispatch-transport:jar:1.11 in the shaded jar.
[INFO] Including org.fusesource.hawtdispatch:hawtdispatch:jar:1.11 in the shaded jar.
[INFO] Including org.fusesource.hawtbuf:hawtbuf:jar:1.9 in the shaded jar.
[INFO] Including org.apache.geronimo.specs:geronimo-j2ee-management_1.1_spec:jar:1.0.1 in the shaded jar.
[INFO] Including org.springframework:spring-context:jar:3.0.7.RELEASE in the shaded jar.
[INFO] Including org.springframework:spring-aop:jar:3.0.7.RELEASE in the shaded jar.
[INFO] Including aopalliance:aopalliance:jar:1.0 in the shaded jar.
[INFO] Including org.springframework:spring-beans:jar:3.0.7.RELEASE in the shaded jar.
[INFO] Including org.springframework:spring-core:jar:3.0.7.RELEASE in the shaded jar.
[INFO] Including commons-logging:commons-logging:jar:1.1.1 in the shaded jar.
[INFO] Including org.springframework:spring-expression:jar:3.0.7.RELEASE in the shaded jar.
[INFO] Including org.springframework:spring-asm:jar:3.0.7.RELEASE in the shaded jar.
[INFO] Including commons-net:commons-net:jar:3.1 in the shaded jar.
[INFO] Including org.jasypt:jasypt:jar:1.9.0 in the shaded jar.
[INFO] Including com.h2database:h2:jar:1.3.166 in the shaded jar.
[INFO] Including io.swagger:swagger-parser:jar:1.0.29 in the shaded jar.
[INFO] Including io.swagger:swagger-core:jar:1.5.12 in the shaded jar.
[INFO] Including org.apache.commons:commons-lang3:jar:3.2.1 in the shaded jar.
[INFO] Including com.fasterxml.jackson.core:jackson-annotations:jar:2.8.4 in the shaded jar.
[INFO] Including com.fasterxml.jackson.core:jackson-databind:jar:2.8.4 in the shaded jar.
[INFO] Including com.fasterxml.jackson.core:jackson-core:jar:2.8.4 in the shaded jar.
[INFO] Including com.fasterxml.jackson.dataformat:jackson-dataformat-yaml:jar:2.8.4 in the shaded jar.
[INFO] Including org.yaml:snakeyaml:jar:1.15 in the shaded jar.
[INFO] Including io.swagger:swagger-models:jar:1.5.12 in the shaded jar.
[INFO] Including io.swagger:swagger-annotations:jar:1.5.12 in the shaded jar.
[INFO] Including com.google.guava:guava:jar:18.0 in the shaded jar.
[INFO] Including org.slf4j:slf4j-ext:jar:1.6.3 in the shaded jar.
[INFO] Including ch.qos.cal10n:cal10n-api:jar:0.7.4 in the shaded jar.
[INFO] Including commons-io:commons-io:jar:2.4 in the shaded jar.
[INFO] Including com.whalin:Memcached-Java-Client:jar:3.0.2 in the shaded jar.
[INFO] Including commons-pool:commons-pool:jar:1.5.6 in the shaded jar.
[INFO] Including org.apache.commons:commons-pool2:jar:2.4.2 in the shaded jar.
[WARNING] geronimo-jms_1.1_spec-1.1.1.jar, javax.jms-api-2.0.1.jar define 58 overlapping classes: 
[WARNING]   - javax.jms.QueueConnection
[WARNING]   - javax.jms.MessageNotReadableException
[WARNING]   - javax.jms.ObjectMessage
[WARNING]   - javax.jms.TopicRequestor
[WARNING]   - javax.jms.JMSException
[WARNING]   - javax.jms.InvalidSelectorException
[WARNING]   - javax.jms.Message
[WARNING]   - javax.jms.Topic
[WARNING]   - javax.jms.ServerSessionPool
[WARNING]   - javax.jms.JMSSecurityException
[WARNING]   - 48 more...
[WARNING] jsr305-2.0.0.jar, annotations-2.0.0.jar define 34 overlapping classes: 
[WARNING]   - javax.annotation.RegEx
[WARNING]   - javax.annotation.concurrent.Immutable
[WARNING]   - javax.annotation.meta.TypeQualifierDefault
[WARNING]   - javax.annotation.meta.TypeQualifier
[WARNING]   - javax.annotation.Syntax
[WARNING]   - javax.annotation.Nonnull
[WARNING]   - javax.annotation.CheckReturnValue
[WARNING]   - javax.annotation.CheckForNull
[WARNING]   - javax.annotation.meta.TypeQualifierNickname
[WARNING]   - javax.annotation.MatchesPattern
[WARNING]   - 24 more...
[WARNING] aopalliance-repackaged-2.5.0-b32.jar, aopalliance-1.0.jar define 9 overlapping classes: 
[WARNING]   - org.aopalliance.intercept.ConstructorInterceptor
[WARNING]   - org.aopalliance.intercept.MethodInvocation
[WARNING]   - org.aopalliance.intercept.MethodInterceptor
[WARNING]   - org.aopalliance.intercept.Invocation
[WARNING]   - org.aopalliance.aop.AspectException
[WARNING]   - org.aopalliance.intercept.Interceptor
[WARNING]   - org.aopalliance.intercept.Joinpoint
[WARNING]   - org.aopalliance.aop.Advice
[WARNING]   - org.aopalliance.intercept.ConstructorInvocation
[WARNING] activemq-core-5.7.0.jar, activemq-protobuf-1.1.jar define 56 overlapping classes: 
[WARNING]   - org.apache.activemq.protobuf.compiler.parser.ProtoParser$JJCalls
[WARNING]   - org.apache.activemq.protobuf.DeferredDecodeMessage
[WARNING]   - org.apache.activemq.protobuf.compiler.ProtoDescriptor
[WARNING]   - org.apache.activemq.protobuf.BufferOutputStream
[WARNING]   - org.apache.activemq.protobuf.compiler.MessageDescriptor
[WARNING]   - org.apache.activemq.protobuf.compiler.ParserSupport
[WARNING]   - org.apache.activemq.protobuf.compiler.TextFormat$ParseException
[WARNING]   - org.apache.activemq.protobuf.BufferInputStream
[WARNING]   - org.apache.activemq.protobuf.compiler.ProtoMojo$1
[WARNING]   - org.apache.activemq.protobuf.MessageBufferSupport
[WARNING]   - 46 more...
[WARNING] maven-shade-plugin has detected that some class files are
[WARNING] present in two or more JARs. When this happens, only one
[WARNING] single version of the class is copied to the uber jar.
[WARNING] Usually this is not harmful and you can skip these warnings,
[WARNING] otherwise try to manually exclude artifacts based on
[WARNING] mvn dependency:tree -Ddetail=true and the above output.
[WARNING] See http://maven.apache.org/plugins/maven-shade-plugin/
[INFO] Replacing original artifact with shaded artifact.
[INFO] Replacing D:\Workspace\simplity\examples\troubleTicketDemo\troubleTicketAPI\troubleTicketService\target\troubleTicketService-1.2.1-SNAPSHOT.jar with D:\Workspace\simplity\examples\troubleTicketDemo\troubleTicketAPI\troubleTicketService\target\troubleTicketService-1.2.1-SNAPSHOT-shaded.jar
[INFO] Dependency-reduced POM written at: D:\Workspace\simplity\examples\troubleTicketDemo\troubleTicketAPI\troubleTicketService\dependency-reduced-pom.xml
[INFO] 
[INFO] --- maven-install-plugin:2.4:install (default-install) @ troubleTicketService ---
[INFO] Installing D:\Workspace\simplity\examples\troubleTicketDemo\troubleTicketAPI\troubleTicketService\target\troubleTicketService-1.2.1-SNAPSHOT.jar to D:\Repo\.m2\org\simplity\examples\troubleTicketDemo\troubleTicketService\1.2.1-SNAPSHOT\troubleTicketService-1.2.1-SNAPSHOT.jar
[INFO] Installing D:\Workspace\simplity\examples\troubleTicketDemo\troubleTicketAPI\troubleTicketService\dependency-reduced-pom.xml to D:\Repo\.m2\org\simplity\examples\troubleTicketDemo\troubleTicketService\1.2.1-SNAPSHOT\troubleTicketService-1.2.1-SNAPSHOT.pom
[INFO] 
[INFO] --- maven-resources-plugin:3.0.2:copy-resources (copy-resources) @ troubleTicketService ---
[INFO] Using 'UTF-8' encoding to copy filtered resources.
[INFO] Copying 16 resources
[INFO] 
[INFO] --- sql-maven-plugin:1.5:execute (create-db) @ troubleTicketService ---
[INFO] Executing file: C:\Users\chetana_shanbhag\AppData\Local\Temp\ticket.1228958416sql
[INFO] 11 of 11 SQL statements executed successfully
[INFO]                                                                         
[INFO] ------------------------------------------------------------------------
[INFO] Building ttactiveMQ 1.2.1-SNAPSHOT
[INFO] ------------------------------------------------------------------------
[INFO] 
[INFO] --- maven-resources-plugin:2.6:resources (default-resources) @ ttactiveMQ ---
[INFO] Using 'UTF-8' encoding to copy filtered resources.
[INFO] skip non existing resourceDirectory D:\Workspace\simplity\examples\troubleTicketDemo\troubleTicketAPI\ttactiveMQ\src\main\resources
[INFO] 
[INFO] --- maven-compiler-plugin:3.1:compile (default-compile) @ ttactiveMQ ---
[INFO] Changes detected - recompiling the module!
[INFO] Compiling 1 source file to D:\Workspace\simplity\examples\troubleTicketDemo\troubleTicketAPI\ttactiveMQ\target\classes
[INFO] 
[INFO] --- maven-resources-plugin:2.6:testResources (default-testResources) @ ttactiveMQ ---
[INFO] Using 'UTF-8' encoding to copy filtered resources.
[INFO] skip non existing resourceDirectory D:\Workspace\simplity\examples\troubleTicketDemo\troubleTicketAPI\ttactiveMQ\src\test\resources
[INFO] 
[INFO] --- maven-compiler-plugin:3.1:testCompile (default-testCompile) @ ttactiveMQ ---
[INFO] No sources to compile
[INFO] 
[INFO] --- maven-surefire-plugin:2.12.4:test (default-test) @ ttactiveMQ ---
[INFO] 
[INFO] --- maven-jar-plugin:2.4:jar (default-jar) @ ttactiveMQ ---
[INFO] Building jar: D:\Workspace\simplity\examples\troubleTicketDemo\troubleTicketAPI\ttactiveMQ\target\ttactiveMQ-1.2.1-SNAPSHOT.jar
[INFO] 
[INFO] --- maven-install-plugin:2.4:install (default-install) @ ttactiveMQ ---
[INFO] Installing D:\Workspace\simplity\examples\troubleTicketDemo\troubleTicketAPI\ttactiveMQ\target\ttactiveMQ-1.2.1-SNAPSHOT.jar to D:\Repo\.m2\org\simplity\examples\troubleTicketDemo\ttactiveMQ\1.2.1-SNAPSHOT\ttactiveMQ-1.2.1-SNAPSHOT.jar
[INFO] Installing D:\Workspace\simplity\examples\troubleTicketDemo\troubleTicketAPI\ttactiveMQ\pom.xml to D:\Repo\.m2\org\simplity\examples\troubleTicketDemo\ttactiveMQ\1.2.1-SNAPSHOT\ttactiveMQ-1.2.1-SNAPSHOT.pom
[INFO]                                                                         
[INFO] ------------------------------------------------------------------------
[INFO] Building hubService 1.2.1-SNAPSHOT
[INFO] ------------------------------------------------------------------------
[INFO] 
[INFO] --- maven-resources-plugin:3.0.2:resources (default-resources) @ hubService ---
[INFO] Using 'UTF-8' encoding to copy filtered resources.
[INFO] Copying 1 resource
[INFO] Copying 6 resources
[INFO] 
[INFO] --- maven-compiler-plugin:3.1:compile (default-compile) @ hubService ---
[INFO] Changes detected - recompiling the module!
[INFO] Compiling 1 source file to D:\Workspace\simplity\examples\troubleTicketDemo\troubleTicketAPI\hubService\target\classes
[INFO] 
[INFO] --- maven-resources-plugin:3.0.2:testResources (default-testResources) @ hubService ---
[INFO] Using 'UTF-8' encoding to copy filtered resources.
[INFO] skip non existing resourceDirectory D:\Workspace\simplity\examples\troubleTicketDemo\troubleTicketAPI\hubService\src\test\resources
[INFO] 
[INFO] --- maven-compiler-plugin:3.1:testCompile (default-testCompile) @ hubService ---
[INFO] Changes detected - recompiling the module!
[INFO] Compiling 1 source file to D:\Workspace\simplity\examples\troubleTicketDemo\troubleTicketAPI\hubService\target\test-classes
[INFO] 
[INFO] --- maven-surefire-plugin:2.12.4:test (default-test) @ hubService ---
[INFO] Surefire report directory: D:\Workspace\simplity\examples\troubleTicketDemo\troubleTicketAPI\hubService\target\surefire-reports

-------------------------------------------------------
 T E S T S
-------------------------------------------------------
Running org.simplity.examples.AppTest
Tests run: 1, Failures: 0, Errors: 0, Skipped: 0, Time elapsed: 0.012 sec

Results :

Tests run: 1, Failures: 0, Errors: 0, Skipped: 0

[INFO] 
[INFO] --- maven-jar-plugin:2.4:jar (default-jar) @ hubService ---
[INFO] Building jar: D:\Workspace\simplity\examples\troubleTicketDemo\troubleTicketAPI\hubService\target\hubService-1.2.1-SNAPSHOT.jar
[INFO] 
[INFO] --- maven-shade-plugin:3.0.0:shade (default) @ hubService ---
[INFO] Replacing original artifact with shaded artifact.
[INFO] Replacing D:\Workspace\simplity\examples\troubleTicketDemo\troubleTicketAPI\hubService\target\hubService-1.2.1-SNAPSHOT.jar with D:\Workspace\simplity\examples\troubleTicketDemo\troubleTicketAPI\hubService\target\hubService-1.2.1-SNAPSHOT-shaded.jar
[INFO] 
[INFO] --- maven-install-plugin:2.4:install (default-install) @ hubService ---
[INFO] Installing D:\Workspace\simplity\examples\troubleTicketDemo\troubleTicketAPI\hubService\target\hubService-1.2.1-SNAPSHOT.jar to D:\Repo\.m2\org\simplity\examples\troubleTicketDemo\hubService\1.2.1-SNAPSHOT\hubService-1.2.1-SNAPSHOT.jar
[INFO] Installing D:\Workspace\simplity\examples\troubleTicketDemo\troubleTicketAPI\hubService\pom.xml to D:\Repo\.m2\org\simplity\examples\troubleTicketDemo\hubService\1.2.1-SNAPSHOT\hubService-1.2.1-SNAPSHOT.pom
[INFO] 
[INFO] --- maven-resources-plugin:3.0.2:copy-resources (copy-resources) @ hubService ---
[INFO] Using 'UTF-8' encoding to copy filtered resources.
[INFO] Copying 5 resources
[INFO]                                                                         
[INFO] ------------------------------------------------------------------------
[INFO] Building cspService 1.2.1-SNAPSHOT
[INFO] ------------------------------------------------------------------------
[INFO] 
[INFO] --- maven-resources-plugin:3.0.2:resources (default-resources) @ cspService ---
[INFO] Using 'UTF-8' encoding to copy filtered resources.
[INFO] Copying 1 resource
[INFO] 
[INFO] --- maven-compiler-plugin:3.1:compile (default-compile) @ cspService ---
[INFO] Changes detected - recompiling the module!
[INFO] Compiling 1 source file to D:\Workspace\simplity\examples\troubleTicketDemo\cspService\target\classes
[INFO] 
[INFO] --- maven-resources-plugin:3.0.2:testResources (default-testResources) @ cspService ---
[INFO] Using 'UTF-8' encoding to copy filtered resources.
[INFO] skip non existing resourceDirectory D:\Workspace\simplity\examples\troubleTicketDemo\cspService\src\test\resources
[INFO] 
[INFO] --- maven-compiler-plugin:3.1:testCompile (default-testCompile) @ cspService ---
[INFO] Changes detected - recompiling the module!
[INFO] Compiling 1 source file to D:\Workspace\simplity\examples\troubleTicketDemo\cspService\target\test-classes
[INFO] 
[INFO] --- maven-surefire-plugin:2.12.4:test (default-test) @ cspService ---
[INFO] Surefire report directory: D:\Workspace\simplity\examples\troubleTicketDemo\cspService\target\surefire-reports

-------------------------------------------------------
 T E S T S
-------------------------------------------------------
Running org.simplity.examples.AppTest
Tests run: 1, Failures: 0, Errors: 0, Skipped: 0, Time elapsed: 0.014 sec

Results :

Tests run: 1, Failures: 0, Errors: 0, Skipped: 0

[INFO] 
[INFO] --- maven-jar-plugin:2.4:jar (default-jar) @ cspService ---
[INFO] Building jar: D:\Workspace\simplity\examples\troubleTicketDemo\cspService\target\cspService-1.2.1-SNAPSHOT.jar
[INFO] 
[INFO] --- maven-shade-plugin:3.0.0:shade (default) @ cspService ---
[INFO] Replacing original artifact with shaded artifact.
[INFO] Replacing D:\Workspace\simplity\examples\troubleTicketDemo\cspService\target\cspService-1.2.1-SNAPSHOT.jar with D:\Workspace\simplity\examples\troubleTicketDemo\cspService\target\cspService-1.2.1-SNAPSHOT-shaded.jar
[INFO] 
[INFO] --- maven-install-plugin:2.4:install (default-install) @ cspService ---
[INFO] Installing D:\Workspace\simplity\examples\troubleTicketDemo\cspService\target\cspService-1.2.1-SNAPSHOT.jar to D:\Repo\.m2\org\simplity\examples\troubleTicketDemo\cspService\1.2.1-SNAPSHOT\cspService-1.2.1-SNAPSHOT.jar
[INFO] Installing D:\Workspace\simplity\examples\troubleTicketDemo\cspService\pom.xml to D:\Repo\.m2\org\simplity\examples\troubleTicketDemo\cspService\1.2.1-SNAPSHOT\cspService-1.2.1-SNAPSHOT.pom
[INFO] 
[INFO] --- maven-resources-plugin:3.0.2:copy-resources (copy-resources) @ cspService ---
[INFO] Using 'UTF-8' encoding to copy filtered resources.
[INFO] Copying 4 resources
[INFO]                                                                         
[INFO] ------------------------------------------------------------------------
[INFO] Building carManufacturerService 1.2.1-SNAPSHOT
[INFO] ------------------------------------------------------------------------
[INFO] 
[INFO] --- maven-resources-plugin:3.0.2:resources (default-resources) @ carManufacturerService ---
[INFO] Using 'UTF-8' encoding to copy filtered resources.
[INFO] Copying 1 resource
[INFO] 
[INFO] --- maven-compiler-plugin:3.1:compile (default-compile) @ carManufacturerService ---
[INFO] Changes detected - recompiling the module!
[INFO] Compiling 1 source file to D:\Workspace\simplity\examples\troubleTicketDemo\carManufacturerService\target\classes
[INFO] 
[INFO] --- maven-resources-plugin:3.0.2:testResources (default-testResources) @ carManufacturerService ---
[INFO] Using 'UTF-8' encoding to copy filtered resources.
[INFO] skip non existing resourceDirectory D:\Workspace\simplity\examples\troubleTicketDemo\carManufacturerService\src\test\resources
[INFO] 
[INFO] --- maven-compiler-plugin:3.1:testCompile (default-testCompile) @ carManufacturerService ---
[INFO] No sources to compile
[INFO] 
[INFO] --- maven-surefire-plugin:2.12.4:test (default-test) @ carManufacturerService ---
[INFO] 
[INFO] --- maven-jar-plugin:2.4:jar (default-jar) @ carManufacturerService ---
[INFO] Building jar: D:\Workspace\simplity\examples\troubleTicketDemo\carManufacturerService\target\carManufacturerService-1.2.1-SNAPSHOT.jar
[INFO] 
[INFO] --- maven-shade-plugin:3.0.0:shade (default) @ carManufacturerService ---
[INFO] Replacing original artifact with shaded artifact.
[INFO] Replacing D:\Workspace\simplity\examples\troubleTicketDemo\carManufacturerService\target\carManufacturerService-1.2.1-SNAPSHOT.jar with D:\Workspace\simplity\examples\troubleTicketDemo\carManufacturerService\target\carManufacturerService-1.2.1-SNAPSHOT-shaded.jar
[INFO] 
[INFO] --- maven-install-plugin:2.4:install (default-install) @ carManufacturerService ---
[INFO] Installing D:\Workspace\simplity\examples\troubleTicketDemo\carManufacturerService\target\carManufacturerService-1.2.1-SNAPSHOT.jar to D:\Repo\.m2\org\simplity\examples\troubleTicketDemo\carManufacturerService\1.2.1-SNAPSHOT\carManufacturerService-1.2.1-SNAPSHOT.jar
[INFO] Installing D:\Workspace\simplity\examples\troubleTicketDemo\carManufacturerService\pom.xml to D:\Repo\.m2\org\simplity\examples\troubleTicketDemo\carManufacturerService\1.2.1-SNAPSHOT\carManufacturerService-1.2.1-SNAPSHOT.pom
[INFO] 
[INFO] --- maven-resources-plugin:3.0.2:copy-resources (copy-resources) @ carManufacturerService ---
[INFO] Using 'UTF-8' encoding to copy filtered resources.
[INFO] Copying 4 resources
[INFO] ------------------------------------------------------------------------
[INFO] Reactor Summary:
[INFO] 
[INFO] examples ........................................... SUCCESS [  0.478 s]
[INFO] helloworld Maven Webapp ............................ SUCCESS [  8.979 s]
[INFO] mcHelloWorld ....................................... SUCCESS [  4.739 s]
[INFO] wbFileAgent Maven Webapp ........................... SUCCESS [  0.711 s]
[INFO] petstore Maven Webapp .............................. SUCCESS [  5.860 s]
[INFO] jmsDemo Maven Webapp ............................... SUCCESS [  0.889 s]
[INFO] springIntegration Maven Webapp ..................... SUCCESS [  4.771 s]
[INFO] ejbIntegration Maven Webapp ........................ SUCCESS [  2.323 s]
[INFO] todos .............................................. SUCCESS [  0.006 s]
[INFO] todoService ........................................ SUCCESS [ 10.615 s]
[INFO] todoViewService .................................... SUCCESS [  4.589 s]
[INFO] todosUI Maven Webapp ............................... SUCCESS [  5.437 s]
[INFO] activeMQ ........................................... SUCCESS [  0.279 s]
[INFO] troubleTicketDemo .................................. SUCCESS [  0.019 s]
[INFO] troubleTicketAPI ................................... SUCCESS [  0.006 s]
[INFO] troubleTicketService ............................... SUCCESS [  4.807 s]
[INFO] ttactiveMQ ......................................... SUCCESS [  0.568 s]
[INFO] hubService ......................................... SUCCESS [  0.742 s]
[INFO] cspService ......................................... SUCCESS [  0.630 s]
[INFO] carManufacturerService ............................. SUCCESS [  0.239 s]
[INFO] ------------------------------------------------------------------------
[INFO] BUILD SUCCESS
[INFO] ------------------------------------------------------------------------
[INFO] Total time: 57.162 s
[INFO] Finished at: 2017-06-19T10:07:05+05:30
[INFO] Final Memory: 46M/608M
[INFO] ------------------------------------------------------------------------
